[ 2014-07-30T00:30:37+08:00 ] 127.0.0.1 /exam/Maple/index.php/Public/login.html
INFO: [ app_begin ] --START--
INFO: Run Behavior\ReadHtmlCacheBehavior [ RunTime:0.000000s ]
INFO: [ app_begin ] --END-- [ RunTime:0.000000s ]

[ 2014-07-30T00:40:20+08:00 ] 127.0.0.1 /exam/Maple/index.php/Public/login.html
INFO: [ app_begin ] --START--
INFO: Run Behavior\ReadHtmlCacheBehavior [ RunTime:0.000000s ]
INFO: [ app_begin ] --END-- [ RunTime:0.000000s ]

[ 2014-07-30T00:40:28+08:00 ] 127.0.0.1 /exam/Maple/index.php/Public/login.html
INFO: [ app_begin ] --START--
INFO: Run Behavior\ReadHtmlCacheBehavior [ RunTime:0.000000s ]
INFO: [ app_begin ] --END-- [ RunTime:0.000000s ]
ERR: 没有定义数据库配置

[ 2014-07-30T00:40:44+08:00 ] 127.0.0.1 /exam/Maple/index.php/Public/login.html
INFO: [ app_begin ] --START--
INFO: Run Behavior\ReadHtmlCacheBehavior [ RunTime:0.000000s ]
INFO: [ app_begin ] --END-- [ RunTime:0.000000s ]
ERR: 没有定义数据库配置

[ 2014-07-30T00:41:00+08:00 ] 127.0.0.1 /exam/Maple/index.php/Public/login.html
INFO: [ app_begin ] --START--
INFO: Run Behavior\ReadHtmlCacheBehavior [ RunTime:0.000000s ]
INFO: [ app_begin ] --END-- [ RunTime:0.000000s ]
ERR: 没有定义数据库配置

[ 2014-07-30T00:42:20+08:00 ] 127.0.0.1 /exam/Maple/index.php/Public/login.html
INFO: [ app_begin ] --START--
INFO: Run Behavior\ReadHtmlCacheBehavior [ RunTime:0.000000s ]
INFO: [ app_begin ] --END-- [ RunTime:0.000000s ]

[ 2014-07-30T00:42:29+08:00 ] 127.0.0.1 /exam/Maple/index.php/Public/login.html
INFO: [ app_begin ] --START--
INFO: Run Behavior\ReadHtmlCacheBehavior [ RunTime:0.000000s ]
INFO: [ app_begin ] --END-- [ RunTime:0.000000s ]
SQL: SHOW COLUMNS FROM `tp_user` [ RunTime:0.000000s ]
SQL: SELECT * FROM `tp_user` WHERE `username` = '123' AND `status` = 1 LIMIT 1   [ RunTime:0.000000s ]

[ 2014-07-30T00:43:25+08:00 ] 127.0.0.1 /exam/Maple/index.php/Public/login.html
INFO: [ app_begin ] --START--
INFO: Run Behavior\ReadHtmlCacheBehavior [ RunTime:0.000000s ]
INFO: [ app_begin ] --END-- [ RunTime:0.015600s ]
SQL: SHOW COLUMNS FROM `tp_user` [ RunTime:0.015600s ]
SQL: SELECT * FROM `tp_user` WHERE `username` = 'admin' AND `status` = 1 LIMIT 1   [ RunTime:0.000000s ]

[ 2014-07-30T00:46:22+08:00 ] 127.0.0.1 /exam/Maple/index.php/Public/__CSS__/login.css
ERR: 非法操作:__CSS__

[ 2014-07-30T11:55:13+08:00 ] 127.0.0.1 /exam/Maple/index.php/Public/login.html
INFO: [ app_begin ] --START--
INFO: Run Behavior\ReadHtmlCacheBehavior [ RunTime:0.000000s ]
INFO: [ app_begin ] --END-- [ RunTime:0.000000s ]
SQL: SHOW COLUMNS FROM `tp_user` [ RunTime:0.046800s ]
SQL: SELECT * FROM `tp_user` WHERE `username` = '123' AND `status` = 1 LIMIT 1   [ RunTime:0.000000s ]

[ 2014-07-30T11:55:23+08:00 ] 127.0.0.1 /exam/Maple/index.php/Public/login.html
INFO: [ app_begin ] --START--
INFO: Run Behavior\ReadHtmlCacheBehavior [ RunTime:0.000000s ]
INFO: [ app_begin ] --END-- [ RunTime:0.000000s ]
SQL: SHOW COLUMNS FROM `tp_user` [ RunTime:0.015600s ]
SQL: SELECT * FROM `tp_user` WHERE `username` = 'cheng' AND `status` = 1 LIMIT 1   [ RunTime:0.000000s ]

[ 2014-07-30T11:55:30+08:00 ] 127.0.0.1 /exam/Maple/index.php/Public/login.html
INFO: [ app_begin ] --START--
INFO: Run Behavior\ReadHtmlCacheBehavior [ RunTime:0.000000s ]
INFO: [ app_begin ] --END-- [ RunTime:0.000000s ]

[ 2014-07-30T11:55:36+08:00 ] 127.0.0.1 /exam/Maple/index.php/Public/login.html
INFO: [ app_begin ] --START--
INFO: Run Behavior\ReadHtmlCacheBehavior [ RunTime:0.000000s ]
INFO: [ app_begin ] --END-- [ RunTime:0.000000s ]
SQL: SHOW COLUMNS FROM `tp_user` [ RunTime:0.015600s ]
SQL: SELECT * FROM `tp_user` WHERE `username` = 'admin' AND `status` = 1 LIMIT 1   [ RunTime:0.000000s ]

[ 2014-07-30T11:55:44+08:00 ] 127.0.0.1 /exam/Maple/index.php/Public/login.html
INFO: [ app_begin ] --START--
INFO: Run Behavior\ReadHtmlCacheBehavior [ RunTime:0.000000s ]
INFO: [ app_begin ] --END-- [ RunTime:0.000000s ]
SQL: SHOW COLUMNS FROM `tp_user` [ RunTime:0.015600s ]
SQL: SELECT * FROM `tp_user` WHERE `username` = 'admin' AND `status` = 1 LIMIT 1   [ RunTime:0.000000s ]

[ 2014-07-30T11:55:45+08:00 ] 127.0.0.1 /exam/Maple/index.php/Public/login.html
INFO: [ app_begin ] --START--
INFO: Run Behavior\ReadHtmlCacheBehavior [ RunTime:0.000000s ]
INFO: [ app_begin ] --END-- [ RunTime:0.000000s ]

[ 2014-07-30T11:55:51+08:00 ] 127.0.0.1 /exam/Maple/index.php/Public/login.html
INFO: [ app_begin ] --START--
INFO: Run Behavior\ReadHtmlCacheBehavior [ RunTime:0.000000s ]
INFO: [ app_begin ] --END-- [ RunTime:0.000000s ]
SQL: SHOW COLUMNS FROM `tp_user` [ RunTime:0.015600s ]
SQL: SELECT * FROM `tp_user` WHERE `username` = 'admin' AND `status` = 1 LIMIT 1   [ RunTime:0.000000s ]

[ 2014-07-30T11:56:03+08:00 ] 127.0.0.1 /exam/Maple/index.php/Public/login.html
INFO: [ app_begin ] --START--
INFO: Run Behavior\ReadHtmlCacheBehavior [ RunTime:0.000000s ]
INFO: [ app_begin ] --END-- [ RunTime:0.000000s ]
SQL: SHOW COLUMNS FROM `tp_user` [ RunTime:0.000000s ]
SQL: SELECT * FROM `tp_user` WHERE `username` = 'admin' AND `status` = 1 LIMIT 1   [ RunTime:0.000000s ]

[ 2014-07-30T12:19:52+08:00 ] 127.0.0.1 /exam/Maple/index.php/Public/login.html
INFO: [ app_begin ] --START--
INFO: Run Behavior\ReadHtmlCacheBehavior [ RunTime:0.000000s ]
INFO: [ app_begin ] --END-- [ RunTime:0.000000s ]

[ 2014-07-30T12:31:35+08:00 ] 127.0.0.1 /exam/Maple/index.php/Public/__CSS__/.css
ERR: 非法操作:__CSS__

[ 2014-07-30T12:31:35+08:00 ] 127.0.0.1 /exam/Maple/index.php/Public/__CSS__/login.css
ERR: 非法操作:__CSS__

[ 2014-07-30T12:31:35+08:00 ] 127.0.0.1 /exam/Maple/index.php/Public/__STATIC__/jquery-2.0.3.min.js
ERR: 非法操作:__STATIC__

[ 2014-07-30T12:31:41+08:00 ] 127.0.0.1 /exam/Maple/index.php/Public/__CSS__/login.css
ERR: 非法操作:__CSS__

[ 2014-07-30T12:31:41+08:00 ] 127.0.0.1 /exam/Maple/index.php/Public/__CSS__/.css
ERR: 非法操作:__CSS__

[ 2014-07-30T12:31:41+08:00 ] 127.0.0.1 /exam/Maple/index.php/Public/__STATIC__/jquery-2.0.3.min.js
ERR: 非法操作:__STATIC__

[ 2014-07-30T12:31:56+08:00 ] 127.0.0.1 /exam/Maple/index.php/Public/__CSS__/login.css
ERR: 非法操作:__CSS__

[ 2014-07-30T12:31:56+08:00 ] 127.0.0.1 /exam/Maple/index.php/Public/__CSS__/.css
ERR: 非法操作:__CSS__

[ 2014-07-30T12:31:56+08:00 ] 127.0.0.1 /exam/Maple/index.php/Public/__STATIC__/jquery-2.0.3.min.js
ERR: 非法操作:__STATIC__

[ 2014-07-30T12:32:07+08:00 ] 127.0.0.1 /exam/Maple/index.php/Public/__CSS__/.css
ERR: 非法操作:__CSS__

[ 2014-07-30T12:32:07+08:00 ] 127.0.0.1 /exam/Maple/index.php/Public/__CSS__/login.css
ERR: 非法操作:__CSS__

[ 2014-07-30T12:32:07+08:00 ] 127.0.0.1 /exam/Maple/index.php/Public/__STATIC__/jquery-2.0.3.min.js
ERR: 非法操作:__STATIC__

[ 2014-07-30T12:32:13+08:00 ] 127.0.0.1 /exam/Maple/index.php/Public/__CSS__/.css
ERR: 非法操作:__CSS__

[ 2014-07-30T12:32:13+08:00 ] 127.0.0.1 /exam/Maple/index.php/Public/__CSS__/login.css
ERR: 非法操作:__CSS__

[ 2014-07-30T12:32:13+08:00 ] 127.0.0.1 /exam/Maple/index.php/Public/__STATIC__/jquery-2.0.3.min.js
ERR: 非法操作:__STATIC__

[ 2014-07-30T12:33:19+08:00 ] 127.0.0.1 /exam/Maple/index.php/Public/__PUNLIC__/Admin/css/login.css
ERR: 非法操作:__PUNLIC__

[ 2014-07-30T12:33:20+08:00 ] 127.0.0.1 /exam/Maple/index.php/Public/__PUNLIC__/Admin/css/login.css
ERR: 非法操作:__PUNLIC__

[ 2014-07-30T12:40:26+08:00 ] 127.0.0.1 /exam/Maple/index.php/Public/__CSS__/login.css
ERR: 非法操作:__CSS__

[ 2014-07-30T12:40:26+08:00 ] 127.0.0.1 /exam/Maple/index.php/Public/__CSS__/.css
ERR: 非法操作:__CSS__

[ 2014-07-30T12:40:26+08:00 ] 127.0.0.1 /exam/Maple/index.php/Public/__STATIC__/jquery-2.0.3.min.js
ERR: 非法操作:__STATIC__

[ 2014-07-30T12:40:44+08:00 ] 127.0.0.1 /exam/Maple/index.php/Public/__CSS__/login.css
ERR: 非法操作:__CSS__

[ 2014-07-30T12:40:44+08:00 ] 127.0.0.1 /exam/Maple/index.php/Public/__CSS__/.css
ERR: 非法操作:__CSS__

[ 2014-07-30T12:41:05+08:00 ] 127.0.0.1 /exam/Maple/index.php/Public/__CSS__/.css
ERR: 非法操作:__CSS__

[ 2014-07-30T12:57:59+08:00 ] 127.0.0.1 /exam/Maple/index.php/Public/login.html
INFO: [ app_begin ] --START--
INFO: Run Behavior\ReadHtmlCacheBehavior [ RunTime:0.015600s ]
INFO: [ app_begin ] --END-- [ RunTime:0.015600s ]

[ 2014-07-30T12:58:01+08:00 ] 127.0.0.1 /exam/Maple/index.php/Public/login.html
INFO: [ app_begin ] --START--
INFO: Run Behavior\ReadHtmlCacheBehavior [ RunTime:0.000000s ]
INFO: [ app_begin ] --END-- [ RunTime:0.000000s ]

[ 2014-07-30T12:58:01+08:00 ] 127.0.0.1 /exam/Maple/index.php/Public/login.html
INFO: [ app_begin ] --START--
INFO: Run Behavior\ReadHtmlCacheBehavior [ RunTime:0.000000s ]
INFO: [ app_begin ] --END-- [ RunTime:0.015600s ]

[ 2014-07-30T12:58:01+08:00 ] 127.0.0.1 /exam/Maple/index.php/Public/login.html
INFO: [ app_begin ] --START--
INFO: Run Behavior\ReadHtmlCacheBehavior [ RunTime:0.000000s ]
INFO: [ app_begin ] --END-- [ RunTime:0.000000s ]

[ 2014-07-30T12:58:02+08:00 ] 127.0.0.1 /exam/Maple/index.php/Public/login.html
INFO: [ app_begin ] --START--
INFO: Run Behavior\ReadHtmlCacheBehavior [ RunTime:0.000000s ]
INFO: [ app_begin ] --END-- [ RunTime:0.000000s ]

[ 2014-07-30T12:58:02+08:00 ] 127.0.0.1 /exam/Maple/index.php/Public/login.html
INFO: [ app_begin ] --START--
INFO: Run Behavior\ReadHtmlCacheBehavior [ RunTime:0.000000s ]
INFO: [ app_begin ] --END-- [ RunTime:0.000000s ]

[ 2014-07-30T12:58:02+08:00 ] 127.0.0.1 /exam/Maple/index.php/Public/login.html
INFO: [ app_begin ] --START--
INFO: Run Behavior\ReadHtmlCacheBehavior [ RunTime:0.000000s ]
INFO: [ app_begin ] --END-- [ RunTime:0.000000s ]

[ 2014-07-30T12:58:02+08:00 ] 127.0.0.1 /exam/Maple/index.php/Public/login.html
INFO: [ app_begin ] --START--
INFO: Run Behavior\ReadHtmlCacheBehavior [ RunTime:0.000000s ]
INFO: [ app_begin ] --END-- [ RunTime:0.000000s ]

[ 2014-07-30T12:58:02+08:00 ] 127.0.0.1 /exam/Maple/index.php/Public/login.html
INFO: [ app_begin ] --START--
INFO: Run Behavior\ReadHtmlCacheBehavior [ RunTime:0.000000s ]
INFO: [ app_begin ] --END-- [ RunTime:0.000000s ]

[ 2014-07-30T12:58:02+08:00 ] 127.0.0.1 /exam/Maple/index.php/Public/login.html
INFO: [ app_begin ] --START--
INFO: Run Behavior\ReadHtmlCacheBehavior [ RunTime:0.000000s ]
INFO: [ app_begin ] --END-- [ RunTime:0.000000s ]

[ 2014-07-30T12:58:03+08:00 ] 127.0.0.1 /exam/Maple/index.php/Public/login.html
INFO: [ app_begin ] --START--
INFO: Run Behavior\ReadHtmlCacheBehavior [ RunTime:0.000000s ]
INFO: [ app_begin ] --END-- [ RunTime:0.000000s ]

[ 2014-07-30T12:58:03+08:00 ] 127.0.0.1 /exam/Maple/index.php/Public/login.html
INFO: [ app_begin ] --START--
INFO: Run Behavior\ReadHtmlCacheBehavior [ RunTime:0.000000s ]
INFO: [ app_begin ] --END-- [ RunTime:0.000000s ]

[ 2014-07-30T12:58:03+08:00 ] 127.0.0.1 /exam/Maple/index.php/Public/login.html
INFO: [ app_begin ] --START--
INFO: Run Behavior\ReadHtmlCacheBehavior [ RunTime:0.000000s ]
INFO: [ app_begin ] --END-- [ RunTime:0.000000s ]

[ 2014-07-30T12:58:03+08:00 ] 127.0.0.1 /exam/Maple/index.php/Public/login.html
INFO: [ app_begin ] --START--
INFO: Run Behavior\ReadHtmlCacheBehavior [ RunTime:0.000000s ]
INFO: [ app_begin ] --END-- [ RunTime:0.000000s ]

[ 2014-07-30T12:58:03+08:00 ] 127.0.0.1 /exam/Maple/index.php/Public/login.html
INFO: [ app_begin ] --START--
INFO: Run Behavior\ReadHtmlCacheBehavior [ RunTime:0.000000s ]
INFO: [ app_begin ] --END-- [ RunTime:0.000000s ]

[ 2014-07-30T12:58:03+08:00 ] 127.0.0.1 /exam/Maple/index.php/Public/login.html
INFO: [ app_begin ] --START--
INFO: Run Behavior\ReadHtmlCacheBehavior [ RunTime:0.000000s ]
INFO: [ app_begin ] --END-- [ RunTime:0.000000s ]

[ 2014-07-30T12:58:04+08:00 ] 127.0.0.1 /exam/Maple/index.php/Public/login.html
INFO: [ app_begin ] --START--
INFO: Run Behavior\ReadHtmlCacheBehavior [ RunTime:0.000000s ]
INFO: [ app_begin ] --END-- [ RunTime:0.000000s ]

[ 2014-07-30T12:58:04+08:00 ] 127.0.0.1 /exam/Maple/index.php/Public/login.html
INFO: [ app_begin ] --START--
INFO: Run Behavior\ReadHtmlCacheBehavior [ RunTime:0.000000s ]
INFO: [ app_begin ] --END-- [ RunTime:0.000000s ]

[ 2014-07-30T12:59:26+08:00 ] 127.0.0.1 /exam/Maple/index.php/Public/login.html
INFO: [ app_begin ] --START--
INFO: Run Behavior\ReadHtmlCacheBehavior [ RunTime:0.001000s ]
INFO: [ app_begin ] --END-- [ RunTime:0.002000s ]

[ 2014-07-30T13:00:04+08:00 ] 127.0.0.1 /exam/Maple/index.php/Public/login.html
INFO: [ app_begin ] --START--
INFO: Run Behavior\ReadHtmlCacheBehavior [ RunTime:0.000000s ]
INFO: [ app_begin ] --END-- [ RunTime:0.000000s ]

[ 2014-07-30T13:00:05+08:00 ] 127.0.0.1 /exam/Maple/index.php/Public/login.html
INFO: [ app_begin ] --START--
INFO: Run Behavior\ReadHtmlCacheBehavior [ RunTime:0.000000s ]
INFO: [ app_begin ] --END-- [ RunTime:0.000000s ]

[ 2014-07-30T13:00:30+08:00 ] 127.0.0.1 /exam/Maple/index.php/Public/login.html
INFO: [ app_begin ] --START--
INFO: Run Behavior\ReadHtmlCacheBehavior [ RunTime:0.000000s ]
INFO: [ app_begin ] --END-- [ RunTime:0.000000s ]

[ 2014-07-30T13:00:46+08:00 ] 127.0.0.1 /exam/Maple/index.php/Public/login.html
INFO: [ app_begin ] --START--
INFO: Run Behavior\ReadHtmlCacheBehavior [ RunTime:0.000000s ]
INFO: [ app_begin ] --END-- [ RunTime:0.000000s ]

[ 2014-07-30T13:00:47+08:00 ] 127.0.0.1 /exam/Maple/index.php/Public/login.html
INFO: [ app_begin ] --START--
INFO: Run Behavior\ReadHtmlCacheBehavior [ RunTime:0.000000s ]
INFO: [ app_begin ] --END-- [ RunTime:0.000000s ]

[ 2014-07-30T13:23:13+08:00 ] 127.0.0.1 /exam/Maple/index.php/Public/login.html
INFO: [ app_begin ] --START--
INFO: Run Behavior\ReadHtmlCacheBehavior [ RunTime:0.000000s ]
INFO: [ app_begin ] --END-- [ RunTime:0.000000s ]

[ 2014-07-30T13:23:14+08:00 ] 127.0.0.1 /exam/Maple/index.php/Public/login.html
INFO: [ app_begin ] --START--
INFO: Run Behavior\ReadHtmlCacheBehavior [ RunTime:0.000000s ]
INFO: [ app_begin ] --END-- [ RunTime:0.000000s ]

[ 2014-07-30T13:23:15+08:00 ] 127.0.0.1 /exam/Maple/index.php/Public/login.html
INFO: [ app_begin ] --START--
INFO: Run Behavior\ReadHtmlCacheBehavior [ RunTime:0.000000s ]
INFO: [ app_begin ] --END-- [ RunTime:0.000000s ]

[ 2014-07-30T13:23:15+08:00 ] 127.0.0.1 /exam/Maple/index.php/Public/login.html
INFO: [ app_begin ] --START--
INFO: Run Behavior\ReadHtmlCacheBehavior [ RunTime:0.000000s ]
INFO: [ app_begin ] --END-- [ RunTime:0.000000s ]

[ 2014-07-30T13:23:15+08:00 ] 127.0.0.1 /exam/Maple/index.php/Public/login.html
INFO: [ app_begin ] --START--
INFO: Run Behavior\ReadHtmlCacheBehavior [ RunTime:0.000000s ]
INFO: [ app_begin ] --END-- [ RunTime:0.000000s ]

[ 2014-07-30T13:23:16+08:00 ] 127.0.0.1 /exam/Maple/index.php/Public/login.html
INFO: [ app_begin ] --START--
INFO: Run Behavior\ReadHtmlCacheBehavior [ RunTime:0.000000s ]
INFO: [ app_begin ] --END-- [ RunTime:0.000000s ]

[ 2014-07-30T13:23:16+08:00 ] 127.0.0.1 /exam/Maple/index.php/Public/login.html
INFO: [ app_begin ] --START--
INFO: Run Behavior\ReadHtmlCacheBehavior [ RunTime:0.000000s ]
INFO: [ app_begin ] --END-- [ RunTime:0.000000s ]

[ 2014-07-30T13:23:16+08:00 ] 127.0.0.1 /exam/Maple/index.php/Public/login.html
INFO: [ app_begin ] --START--
INFO: Run Behavior\ReadHtmlCacheBehavior [ RunTime:0.000000s ]
INFO: [ app_begin ] --END-- [ RunTime:0.000000s ]

[ 2014-07-30T13:23:16+08:00 ] 127.0.0.1 /exam/Maple/index.php/Public/login.html
INFO: [ app_begin ] --START--
INFO: Run Behavior\ReadHtmlCacheBehavior [ RunTime:0.015600s ]
INFO: [ app_begin ] --END-- [ RunTime:0.015600s ]

[ 2014-07-30T13:23:16+08:00 ] 127.0.0.1 /exam/Maple/index.php/Public/login.html
INFO: [ app_begin ] --START--
INFO: Run Behavior\ReadHtmlCacheBehavior [ RunTime:0.015600s ]
INFO: [ app_begin ] --END-- [ RunTime:0.015600s ]

[ 2014-07-30T13:23:16+08:00 ] 127.0.0.1 /exam/Maple/index.php/Public/login.html
INFO: [ app_begin ] --START--
INFO: Run Behavior\ReadHtmlCacheBehavior [ RunTime:0.000000s ]
INFO: [ app_begin ] --END-- [ RunTime:0.000000s ]

[ 2014-07-30T13:23:17+08:00 ] 127.0.0.1 /exam/Maple/index.php/Public/login.html
INFO: [ app_begin ] --START--
INFO: Run Behavior\ReadHtmlCacheBehavior [ RunTime:0.000000s ]
INFO: [ app_begin ] --END-- [ RunTime:0.000000s ]

[ 2014-07-30T13:23:17+08:00 ] 127.0.0.1 /exam/Maple/index.php/Public/login.html
INFO: [ app_begin ] --START--
INFO: Run Behavior\ReadHtmlCacheBehavior [ RunTime:0.000000s ]
INFO: [ app_begin ] --END-- [ RunTime:0.000000s ]

[ 2014-07-30T13:23:17+08:00 ] 127.0.0.1 /exam/Maple/index.php/Public/login.html
INFO: [ app_begin ] --START--
INFO: Run Behavior\ReadHtmlCacheBehavior [ RunTime:0.000000s ]
INFO: [ app_begin ] --END-- [ RunTime:0.000000s ]

[ 2014-07-30T13:23:17+08:00 ] 127.0.0.1 /exam/Maple/index.php/Public/login.html
INFO: [ app_begin ] --START--
INFO: Run Behavior\ReadHtmlCacheBehavior [ RunTime:0.000000s ]
INFO: [ app_begin ] --END-- [ RunTime:0.000000s ]

[ 2014-07-30T13:23:17+08:00 ] 127.0.0.1 /exam/Maple/index.php/Public/login.html
INFO: [ app_begin ] --START--
INFO: Run Behavior\ReadHtmlCacheBehavior [ RunTime:0.000000s ]
INFO: [ app_begin ] --END-- [ RunTime:0.000000s ]

[ 2014-07-30T13:23:18+08:00 ] 127.0.0.1 /exam/Maple/index.php/Public/login.html
INFO: [ app_begin ] --START--
INFO: Run Behavior\ReadHtmlCacheBehavior [ RunTime:0.015600s ]
INFO: [ app_begin ] --END-- [ RunTime:0.015600s ]

[ 2014-07-30T13:23:18+08:00 ] 127.0.0.1 /exam/Maple/index.php/Public/login.html
INFO: [ app_begin ] --START--
INFO: Run Behavior\ReadHtmlCacheBehavior [ RunTime:0.000000s ]
INFO: [ app_begin ] --END-- [ RunTime:0.000000s ]

[ 2014-07-30T13:23:18+08:00 ] 127.0.0.1 /exam/Maple/index.php/Public/login.html
INFO: [ app_begin ] --START--
INFO: Run Behavior\ReadHtmlCacheBehavior [ RunTime:0.000000s ]
INFO: [ app_begin ] --END-- [ RunTime:0.000000s ]

[ 2014-07-30T13:23:18+08:00 ] 127.0.0.1 /exam/Maple/index.php/Public/login.html
INFO: [ app_begin ] --START--
INFO: Run Behavior\ReadHtmlCacheBehavior [ RunTime:0.000000s ]
INFO: [ app_begin ] --END-- [ RunTime:0.000000s ]

[ 2014-07-30T13:23:19+08:00 ] 127.0.0.1 /exam/Maple/index.php/Public/login.html
INFO: [ app_begin ] --START--
INFO: Run Behavior\ReadHtmlCacheBehavior [ RunTime:0.000000s ]
INFO: [ app_begin ] --END-- [ RunTime:0.000000s ]

[ 2014-07-30T13:23:19+08:00 ] 127.0.0.1 /exam/Maple/index.php/Public/login.html
INFO: [ app_begin ] --START--
INFO: Run Behavior\ReadHtmlCacheBehavior [ RunTime:0.000000s ]
INFO: [ app_begin ] --END-- [ RunTime:0.000000s ]

[ 2014-07-30T14:03:58+08:00 ] 127.0.0.1 /exam/Maple/index.php/Public/
ERR: 非法操作:index

[ 2014-07-30T14:09:31+08:00 ] 127.0.0.1 /exam/Maple/index.php/Public/login.html
INFO: [ app_begin ] --START--
INFO: Run Behavior\ReadHtmlCacheBehavior [ RunTime:0.000000s ]
INFO: [ app_begin ] --END-- [ RunTime:0.000000s ]

[ 2014-07-30T14:09:32+08:00 ] 127.0.0.1 /exam/Maple/index.php/Public/login.html
INFO: [ app_begin ] --START--
INFO: Run Behavior\ReadHtmlCacheBehavior [ RunTime:0.000000s ]
INFO: [ app_begin ] --END-- [ RunTime:0.000000s ]

[ 2014-07-30T14:18:25+08:00 ] 127.0.0.1 /exam/Maple/index.php/Public/login.html
INFO: [ app_begin ] --START--
INFO: Run Behavior\ReadHtmlCacheBehavior [ RunTime:0.000000s ]
INFO: [ app_begin ] --END-- [ RunTime:0.000000s ]

[ 2014-07-30T14:19:47+08:00 ] 127.0.0.1 /exam/Maple/index.php/Public/login.html
INFO: [ app_begin ] --START--
INFO: Run Behavior\ReadHtmlCacheBehavior [ RunTime:0.000000s ]
INFO: [ app_begin ] --END-- [ RunTime:0.000000s ]

[ 2014-07-30T14:40:05+08:00 ] 127.0.0.1 /exam/Maple/index.php/Public/login.html
INFO: [ app_begin ] --START--
INFO: Run Behavior\ReadHtmlCacheBehavior [ RunTime:0.000000s ]
INFO: [ app_begin ] --END-- [ RunTime:0.000000s ]

[ 2014-07-30T14:40:52+08:00 ] 127.0.0.1 /exam/Maple/index.php/Public/login.html
INFO: [ app_begin ] --START--
INFO: Run Behavior\ReadHtmlCacheBehavior [ RunTime:0.000000s ]
INFO: [ app_begin ] --END-- [ RunTime:0.000000s ]

[ 2014-07-30T14:41:08+08:00 ] 127.0.0.1 /exam/Maple/index.php/Public/login.html
INFO: [ app_begin ] --START--
INFO: Run Behavior\ReadHtmlCacheBehavior [ RunTime:0.000000s ]
INFO: [ app_begin ] --END-- [ RunTime:0.000000s ]

[ 2014-07-30T14:41:45+08:00 ] 127.0.0.1 /exam/Maple/index.php/Public/login.html
INFO: [ app_begin ] --START--
INFO: Run Behavior\ReadHtmlCacheBehavior [ RunTime:0.000000s ]
INFO: [ app_begin ] --END-- [ RunTime:0.000000s ]

[ 2014-07-30T14:42:30+08:00 ] 127.0.0.1 /exam/Maple/index.php/Public/login.html
INFO: [ app_begin ] --START--
INFO: Run Behavior\ReadHtmlCacheBehavior [ RunTime:0.015600s ]
INFO: [ app_begin ] --END-- [ RunTime:0.015600s ]

[ 2014-07-30T14:50:12+08:00 ] 127.0.0.1 /exam/Maple/index.php/Public/login.html
INFO: [ app_begin ] --START--
INFO: Run Behavior\ReadHtmlCacheBehavior [ RunTime:0.000000s ]
INFO: [ app_begin ] --END-- [ RunTime:0.000000s ]

[ 2014-07-30T14:51:48+08:00 ] 127.0.0.1 /exam/Maple/index.php/Public/login.html
INFO: [ app_begin ] --START--
INFO: Run Behavior\ReadHtmlCacheBehavior [ RunTime:0.000000s ]
INFO: [ app_begin ] --END-- [ RunTime:0.000000s ]

[ 2014-07-30T14:51:54+08:00 ] 127.0.0.1 /exam/Maple/index.php/Public/login.html
INFO: [ app_begin ] --START--
INFO: Run Behavior\ReadHtmlCacheBehavior [ RunTime:0.000000s ]
INFO: [ app_begin ] --END-- [ RunTime:0.000000s ]

[ 2014-07-30T14:52:01+08:00 ] 127.0.0.1 /exam/Maple/index.php/Public/login.html
INFO: [ app_begin ] --START--
INFO: Run Behavior\ReadHtmlCacheBehavior [ RunTime:0.000000s ]
INFO: [ app_begin ] --END-- [ RunTime:0.000000s ]
SQL: SHOW COLUMNS FROM `tp_user` [ RunTime:0.031200s ]
SQL: SELECT * FROM `tp_user` WHERE `username` = '123' AND `status` = 1 LIMIT 1   [ RunTime:0.000000s ]

[ 2014-07-30T14:55:06+08:00 ] 127.0.0.1 /exam/Maple/index.php/Public/login.html
INFO: [ app_begin ] --START--
INFO: Run Behavior\ReadHtmlCacheBehavior [ RunTime:0.015600s ]
INFO: [ app_begin ] --END-- [ RunTime:0.015600s ]

[ 2014-07-30T14:55:11+08:00 ] 127.0.0.1 /exam/Maple/index.php/Public/login.html
INFO: [ app_begin ] --START--
INFO: Run Behavior\ReadHtmlCacheBehavior [ RunTime:0.000000s ]
INFO: [ app_begin ] --END-- [ RunTime:0.000000s ]
SQL: SHOW COLUMNS FROM `tp_user` [ RunTime:0.031200s ]
SQL: SELECT * FROM `tp_user` WHERE `username` = 'admin' AND `status` = 1 LIMIT 1   [ RunTime:0.000000s ]

[ 2014-07-30T14:57:08+08:00 ] 127.0.0.1 /exam/Maple/index.php/Public/login.html
INFO: [ app_begin ] --START--
INFO: Run Behavior\ReadHtmlCacheBehavior [ RunTime:0.001000s ]
INFO: [ app_begin ] --END-- [ RunTime:0.002000s ]

[ 2014-07-30T14:57:18+08:00 ] 127.0.0.1 /exam/Maple/index.php/Public/login.html
INFO: [ app_begin ] --START--
INFO: Run Behavior\ReadHtmlCacheBehavior [ RunTime:0.001000s ]
INFO: [ app_begin ] --END-- [ RunTime:0.003000s ]
SQL: SHOW COLUMNS FROM `tp_user` [ RunTime:0.009000s ]
SQL: SELECT * FROM `tp_user` WHERE `username` = 'admin' AND `status` = 1 LIMIT 1   [ RunTime:0.000000s ]

[ 2014-07-30T14:57:45+08:00 ] 127.0.0.1 /exam/Maple/index.php/Public/login.html
INFO: [ app_begin ] --START--
INFO: Run Behavior\ReadHtmlCacheBehavior [ RunTime:0.000000s ]
INFO: [ app_begin ] --END-- [ RunTime:0.015600s ]
SQL: SHOW COLUMNS FROM `tp_user` [ RunTime:0.015600s ]
SQL: SELECT * FROM `tp_user` WHERE `username` = 'admin' AND `status` = 1 LIMIT 1   [ RunTime:0.000000s ]
INFO: [ view_parse ] --START--
INFO: [ template_filter ] --START--
INFO: Run Behavior\ContentReplaceBehavior [ RunTime:0.000000s ]
INFO: [ template_filter ] --END-- [ RunTime:0.000000s ]
INFO: Run Behavior\ParseTemplateBehavior [ RunTime:0.015600s ]
INFO: [ view_parse ] --END-- [ RunTime:0.015600s ]
INFO: [ view_filter ] --START--
INFO: Run Behavior\WriteHtmlCacheBehavior [ RunTime:0.000000s ]
INFO: [ view_filter ] --END-- [ RunTime:0.000000s ]
INFO: [ app_end ] --START--
INFO: Run Behavior\ShowPageTraceBehavior [ RunTime:0.015600s ]
INFO: [ app_end ] --END-- [ RunTime:0.015600s ]

[ 2014-07-30T14:57:55+08:00 ] 127.0.0.1 /exam/Maple/index.php/Public/login.html
INFO: [ app_begin ] --START--
INFO: Run Behavior\ReadHtmlCacheBehavior [ RunTime:0.000000s ]
INFO: [ app_begin ] --END-- [ RunTime:0.000000s ]

[ 2014-07-30T14:58:04+08:00 ] 127.0.0.1 /exam/Maple/index.php/Public/login.html
INFO: [ app_begin ] --START--
INFO: Run Behavior\ReadHtmlCacheBehavior [ RunTime:0.000000s ]
INFO: [ app_begin ] --END-- [ RunTime:0.000000s ]
SQL: SHOW COLUMNS FROM `tp_user` [ RunTime:0.031200s ]
SQL: SELECT * FROM `tp_user` WHERE `username` = 'admin' AND `status` = 1 LIMIT 1   [ RunTime:0.000000s ]
INFO: [ view_parse ] --START--
INFO: [ template_filter ] --START--
INFO: Run Behavior\ContentReplaceBehavior [ RunTime:0.000000s ]
INFO: [ template_filter ] --END-- [ RunTime:0.000000s ]
INFO: Run Behavior\ParseTemplateBehavior [ RunTime:0.015600s ]
INFO: [ view_parse ] --END-- [ RunTime:0.015600s ]
INFO: [ view_filter ] --START--
INFO: Run Behavior\WriteHtmlCacheBehavior [ RunTime:0.000000s ]
INFO: [ view_filter ] --END-- [ RunTime:0.000000s ]
INFO: [ app_end ] --START--
INFO: Run Behavior\ShowPageTraceBehavior [ RunTime:0.000000s ]
INFO: [ app_end ] --END-- [ RunTime:0.000000s ]

[ 2014-07-30T14:58:06+08:00 ] 127.0.0.1 /exam/Maple/index.php/Public/login.html
INFO: [ app_begin ] --START--
INFO: Run Behavior\ReadHtmlCacheBehavior [ RunTime:0.000000s ]
INFO: [ app_begin ] --END-- [ RunTime:0.000000s ]

[ 2014-07-30T15:02:38+08:00 ] 127.0.0.1 /exam/Maple/index.php/Public/login.html
INFO: [ app_begin ] --START--
INFO: Run Behavior\ReadHtmlCacheBehavior [ RunTime:0.000000s ]
INFO: [ app_begin ] --END-- [ RunTime:0.000000s ]
SQL: SHOW COLUMNS FROM `tp_user` [ RunTime:0.000000s ]
SQL: SELECT * FROM `tp_user` WHERE `username` = 'admin' AND `status` = 1 LIMIT 1   [ RunTime:0.000000s ]
INFO: [ view_parse ] --START--
INFO: [ template_filter ] --START--
INFO: Run Behavior\ContentReplaceBehavior [ RunTime:0.000000s ]
INFO: [ template_filter ] --END-- [ RunTime:0.000000s ]
INFO: Run Behavior\ParseTemplateBehavior [ RunTime:0.015600s ]
INFO: [ view_parse ] --END-- [ RunTime:0.015600s ]
INFO: [ view_filter ] --START--
INFO: Run Behavior\WriteHtmlCacheBehavior [ RunTime:0.000000s ]
INFO: [ view_filter ] --END-- [ RunTime:0.000000s ]
INFO: [ view_parse ] --START--
INFO: [ template_filter ] --START--
INFO: Run Behavior\ContentReplaceBehavior [ RunTime:0.015600s ]
INFO: [ template_filter ] --END-- [ RunTime:0.000000s ]
INFO: Run Behavior\ParseTemplateBehavior [ RunTime:0.015600s ]
INFO: [ view_parse ] --END-- [ RunTime:0.000000s ]
INFO: [ view_filter ] --START--
INFO: Run Behavior\WriteHtmlCacheBehavior [ RunTime:0.000000s ]
INFO: [ view_filter ] --END-- [ RunTime:-0.015600s ]
INFO: [ app_end ] --START--
INFO: Run Behavior\ShowPageTraceBehavior [ RunTime:0.000000s ]
INFO: [ app_end ] --END-- [ RunTime:0.000000s ]

[ 2014-07-30T15:02:40+08:00 ] 127.0.0.1 /exam/Maple/index.php/Public/login.html
INFO: [ app_begin ] --START--
INFO: Run Behavior\ReadHtmlCacheBehavior [ RunTime:0.000000s ]
INFO: [ app_begin ] --END-- [ RunTime:0.000000s ]

[ 2014-07-30T15:04:33+08:00 ] 127.0.0.1 /exam/Maple/index.php/Public/login.html
INFO: [ app_begin ] --START--
INFO: Run Behavior\ReadHtmlCacheBehavior [ RunTime:0.000000s ]
INFO: [ app_begin ] --END-- [ RunTime:0.000000s ]
SQL: SHOW COLUMNS FROM `tp_user` [ RunTime:0.000000s ]
SQL: SELECT * FROM `tp_user` WHERE `username` = 'admin' AND `status` = 1 LIMIT 1   [ RunTime:0.000000s ]
INFO: [ view_parse ] --START--
INFO: [ template_filter ] --START--
INFO: Run Behavior\ContentReplaceBehavior [ RunTime:0.000000s ]
INFO: [ template_filter ] --END-- [ RunTime:0.000000s ]
INFO: Run Behavior\ParseTemplateBehavior [ RunTime:0.015600s ]
INFO: [ view_parse ] --END-- [ RunTime:0.015600s ]
INFO: [ view_filter ] --START--
INFO: Run Behavior\WriteHtmlCacheBehavior [ RunTime:0.000000s ]
INFO: [ view_filter ] --END-- [ RunTime:0.000000s ]
INFO: [ view_parse ] --START--
INFO: [ template_filter ] --START--
INFO: Run Behavior\ContentReplaceBehavior [ RunTime:0.000000s ]
INFO: [ template_filter ] --END-- [ RunTime:0.000000s ]
INFO: Run Behavior\ParseTemplateBehavior [ RunTime:0.000000s ]
INFO: [ view_parse ] --END-- [ RunTime:0.000000s ]
INFO: [ view_filter ] --START--
INFO: Run Behavior\WriteHtmlCacheBehavior [ RunTime:0.000000s ]
INFO: [ view_filter ] --END-- [ RunTime:0.000000s ]
INFO: [ app_end ] --START--
INFO: Run Behavior\ShowPageTraceBehavior [ RunTime:0.015600s ]
INFO: [ app_end ] --END-- [ RunTime:0.015600s ]

[ 2014-07-30T15:05:14+08:00 ] 127.0.0.1 /exam/Maple/index.php/Public/login.html
INFO: [ app_begin ] --START--
INFO: Run Behavior\ReadHtmlCacheBehavior [ RunTime:0.000000s ]
INFO: [ app_begin ] --END-- [ RunTime:0.000000s ]

[ 2014-07-30T15:05:28+08:00 ] 127.0.0.1 /exam/Maple/index.php/Public/login.html
INFO: [ app_begin ] --START--
INFO: Run Behavior\ReadHtmlCacheBehavior [ RunTime:0.000000s ]
INFO: [ app_begin ] --END-- [ RunTime:0.000000s ]
SQL: SHOW COLUMNS FROM `tp_user` [ RunTime:0.015600s ]
SQL: SELECT * FROM `tp_user` WHERE `username` = 'admin' AND `status` = 1 LIMIT 1   [ RunTime:0.015600s ]
INFO: [ view_parse ] --START--
INFO: [ template_filter ] --START--
INFO: Run Behavior\ContentReplaceBehavior [ RunTime:0.000000s ]
INFO: [ template_filter ] --END-- [ RunTime:0.000000s ]
INFO: Run Behavior\ParseTemplateBehavior [ RunTime:0.015600s ]
INFO: [ view_parse ] --END-- [ RunTime:0.015600s ]
INFO: [ view_filter ] --START--
INFO: Run Behavior\WriteHtmlCacheBehavior [ RunTime:0.000000s ]
INFO: [ view_filter ] --END-- [ RunTime:0.000000s ]
INFO: [ view_parse ] --START--
INFO: [ template_filter ] --START--
INFO: Run Behavior\ContentReplaceBehavior [ RunTime:0.000000s ]
INFO: [ template_filter ] --END-- [ RunTime:-0.015600s ]
INFO: Run Behavior\ParseTemplateBehavior [ RunTime:0.000000s ]
INFO: [ view_parse ] --END-- [ RunTime:0.000000s ]
INFO: [ view_filter ] --START--
INFO: Run Behavior\WriteHtmlCacheBehavior [ RunTime:0.000000s ]
INFO: [ view_filter ] --END-- [ RunTime:0.000000s ]
INFO: [ app_end ] --START--
INFO: Run Behavior\ShowPageTraceBehavior [ RunTime:0.015600s ]
INFO: [ app_end ] --END-- [ RunTime:0.015600s ]

[ 2014-07-30T15:05:30+08:00 ] 127.0.0.1 /exam/Maple/index.php/Public/login.html
INFO: [ app_begin ] --START--
INFO: Run Behavior\ReadHtmlCacheBehavior [ RunTime:0.000000s ]
INFO: [ app_begin ] --END-- [ RunTime:0.000000s ]

[ 2014-07-30T15:06:18+08:00 ] 127.0.0.1 /exam/Maple/index.php/Public/login.html
INFO: [ app_begin ] --START--
INFO: Run Behavior\ReadHtmlCacheBehavior [ RunTime:0.000000s ]
INFO: [ app_begin ] --END-- [ RunTime:0.000000s ]

[ 2014-07-30T15:06:24+08:00 ] 127.0.0.1 /exam/Maple/index.php/Public/login.html
INFO: [ app_begin ] --START--
INFO: Run Behavior\ReadHtmlCacheBehavior [ RunTime:0.000000s ]
INFO: [ app_begin ] --END-- [ RunTime:0.000000s ]
SQL: SHOW COLUMNS FROM `tp_user` [ RunTime:0.000000s ]
SQL: SELECT * FROM `tp_user` WHERE `username` = 'admin' AND `status` = 1 LIMIT 1   [ RunTime:0.000000s ]
INFO: [ view_parse ] --START--
INFO: [ template_filter ] --START--
INFO: Run Behavior\ContentReplaceBehavior [ RunTime:0.000000s ]
INFO: [ template_filter ] --END-- [ RunTime:0.000000s ]
INFO: Run Behavior\ParseTemplateBehavior [ RunTime:0.015600s ]
INFO: [ view_parse ] --END-- [ RunTime:0.015600s ]
INFO: [ view_filter ] --START--
INFO: Run Behavior\WriteHtmlCacheBehavior [ RunTime:0.000000s ]
INFO: [ view_filter ] --END-- [ RunTime:0.000000s ]
INFO: [ view_parse ] --START--
INFO: [ template_filter ] --START--
INFO: Run Behavior\ContentReplaceBehavior [ RunTime:0.000000s ]
INFO: [ template_filter ] --END-- [ RunTime:0.000000s ]
INFO: Run Behavior\ParseTemplateBehavior [ RunTime:0.000000s ]
INFO: [ view_parse ] --END-- [ RunTime:0.000000s ]
INFO: [ view_filter ] --START--
INFO: Run Behavior\WriteHtmlCacheBehavior [ RunTime:0.000000s ]
INFO: [ view_filter ] --END-- [ RunTime:0.000000s ]
INFO: [ app_end ] --START--
INFO: Run Behavior\ShowPageTraceBehavior [ RunTime:0.000000s ]
INFO: [ app_end ] --END-- [ RunTime:0.000000s ]

[ 2014-07-30T15:06:26+08:00 ] 127.0.0.1 /exam/Maple/index.php/Public/login.html
INFO: [ app_begin ] --START--
INFO: Run Behavior\ReadHtmlCacheBehavior [ RunTime:0.000000s ]
INFO: [ app_begin ] --END-- [ RunTime:0.000000s ]

[ 2014-07-30T15:07:37+08:00 ] 127.0.0.1 /exam/Maple/index.php/Public/login.html
INFO: [ app_begin ] --START--
INFO: Run Behavior\ReadHtmlCacheBehavior [ RunTime:0.000000s ]
INFO: [ app_begin ] --END-- [ RunTime:0.000000s ]
SQL: SHOW COLUMNS FROM `tp_user` [ RunTime:0.015600s ]
SQL: SELECT * FROM `tp_user` WHERE `username` = 'admin' AND `status` = 1 LIMIT 1   [ RunTime:0.000000s ]
INFO: [ view_parse ] --START--
INFO: [ template_filter ] --START--
INFO: Run Behavior\ContentReplaceBehavior [ RunTime:0.000000s ]
INFO: [ template_filter ] --END-- [ RunTime:0.000000s ]
INFO: Run Behavior\ParseTemplateBehavior [ RunTime:0.015600s ]
INFO: [ view_parse ] --END-- [ RunTime:0.015600s ]
INFO: [ view_filter ] --START--
INFO: Run Behavior\WriteHtmlCacheBehavior [ RunTime:0.000000s ]
INFO: [ view_filter ] --END-- [ RunTime:0.000000s ]
INFO: [ view_parse ] --START--
INFO: [ template_filter ] --START--
INFO: Run Behavior\ContentReplaceBehavior [ RunTime:0.000000s ]
INFO: [ template_filter ] --END-- [ RunTime:-0.015600s ]
INFO: Run Behavior\ParseTemplateBehavior [ RunTime:0.015600s ]
INFO: [ view_parse ] --END-- [ RunTime:0.000000s ]
INFO: [ view_filter ] --START--
INFO: Run Behavior\WriteHtmlCacheBehavior [ RunTime:0.000000s ]
INFO: [ view_filter ] --END-- [ RunTime:-0.015600s ]
INFO: [ app_end ] --START--
INFO: Run Behavior\ShowPageTraceBehavior [ RunTime:0.000000s ]
INFO: [ app_end ] --END-- [ RunTime:0.000000s ]

[ 2014-07-30T15:07:40+08:00 ] 127.0.0.1 /exam/Maple/index.php/Public/login.html
INFO: [ app_begin ] --START--
INFO: Run Behavior\ReadHtmlCacheBehavior [ RunTime:0.000000s ]
INFO: [ app_begin ] --END-- [ RunTime:0.000000s ]

[ 2014-07-30T15:07:41+08:00 ] 127.0.0.1 /exam/Maple/index.php/Public/login.html
INFO: [ app_begin ] --START--
INFO: Run Behavior\ReadHtmlCacheBehavior [ RunTime:0.000000s ]
INFO: [ app_begin ] --END-- [ RunTime:0.000000s ]

[ 2014-07-30T15:07:46+08:00 ] 127.0.0.1 /exam/Maple/index.php/Public/login.html
INFO: [ app_begin ] --START--
INFO: Run Behavior\ReadHtmlCacheBehavior [ RunTime:0.000000s ]
INFO: [ app_begin ] --END-- [ RunTime:0.000000s ]
SQL: SHOW COLUMNS FROM `tp_user` [ RunTime:0.015600s ]
SQL: SELECT * FROM `tp_user` WHERE `username` = 'admin' AND `status` = 1 LIMIT 1   [ RunTime:0.000000s ]
INFO: [ view_parse ] --START--
INFO: [ template_filter ] --START--
INFO: Run Behavior\ContentReplaceBehavior [ RunTime:0.000000s ]
INFO: [ template_filter ] --END-- [ RunTime:0.000000s ]
INFO: Run Behavior\ParseTemplateBehavior [ RunTime:0.000000s ]
INFO: [ view_parse ] --END-- [ RunTime:0.000000s ]
INFO: [ view_filter ] --START--
INFO: Run Behavior\WriteHtmlCacheBehavior [ RunTime:0.000000s ]
INFO: [ view_filter ] --END-- [ RunTime:0.000000s ]
INFO: [ view_parse ] --START--
INFO: [ template_filter ] --START--
INFO: Run Behavior\ContentReplaceBehavior [ RunTime:0.000000s ]
INFO: [ template_filter ] --END-- [ RunTime:-0.015600s ]
INFO: Run Behavior\ParseTemplateBehavior [ RunTime:0.015600s ]
INFO: [ view_parse ] --END-- [ RunTime:0.000000s ]
INFO: [ view_filter ] --START--
INFO: Run Behavior\WriteHtmlCacheBehavior [ RunTime:0.000000s ]
INFO: [ view_filter ] --END-- [ RunTime:-0.015600s ]
INFO: [ app_end ] --START--
INFO: Run Behavior\ShowPageTraceBehavior [ RunTime:0.000000s ]
INFO: [ app_end ] --END-- [ RunTime:0.000000s ]

[ 2014-07-30T15:11:05+08:00 ] 127.0.0.1 /exam/Maple/index.php/Public/login.html
INFO: [ app_begin ] --START--
INFO: Run Behavior\ReadHtmlCacheBehavior [ RunTime:0.000000s ]
INFO: [ app_begin ] --END-- [ RunTime:0.000000s ]
SQL: SHOW COLUMNS FROM `tp_user` [ RunTime:0.000000s ]
SQL: SELECT * FROM `tp_user` WHERE `username` = 'admin' AND `status` = 1 LIMIT 1   [ RunTime:0.000000s ]
NOTIC: [8] Undefined variable: data D:\wamp\www\exam\Maple\Maple\Admin\Controller\PublicController.class.php 第 29 行.

[ 2014-07-30T15:19:22+08:00 ] 127.0.0.1 /exam/Maple/index.php/Public/login
INFO: [ app_begin ] --START--
INFO: Run Behavior\ReadHtmlCacheBehavior [ RunTime:0.000000s ]
INFO: [ app_begin ] --END-- [ RunTime:0.000000s ]
SQL: SHOW COLUMNS FROM `tp_user` [ RunTime:0.015600s ]
SQL: SELECT * FROM `tp_user` WHERE `username` = 'admin' AND `status` = 1 LIMIT 1   [ RunTime:0.000000s ]
NOTIC: [8] Undefined variable: data D:\wamp\www\exam\Maple\Maple\Admin\Controller\PublicController.class.php 第 29 行.

[ 2014-07-30T15:20:14+08:00 ] 127.0.0.1 /exam/Maple/index.php/Public/login
INFO: [ app_begin ] --START--
INFO: Run Behavior\ReadHtmlCacheBehavior [ RunTime:0.000000s ]
INFO: [ app_begin ] --END-- [ RunTime:0.000000s ]

[ 2014-07-30T15:20:21+08:00 ] 127.0.0.1 /exam/Maple/index.php/Public/login
INFO: [ app_begin ] --START--
INFO: Run Behavior\ReadHtmlCacheBehavior [ RunTime:0.015600s ]
INFO: [ app_begin ] --END-- [ RunTime:0.015600s ]
SQL: SHOW COLUMNS FROM `tp_user` [ RunTime:0.000000s ]
SQL: SELECT * FROM `tp_user` WHERE `username` = 'admin' AND `status` = 1 LIMIT 1   [ RunTime:0.000000s ]
NOTIC: [8] Undefined variable: data D:\wamp\www\exam\Maple\Maple\Admin\Controller\PublicController.class.php 第 29 行.

[ 2014-07-30T15:23:56+08:00 ] 127.0.0.1 /exam/Maple/index.php/Public/login
INFO: [ app_begin ] --START--
INFO: Run Behavior\ReadHtmlCacheBehavior [ RunTime:0.001000s ]
INFO: [ app_begin ] --END-- [ RunTime:0.002000s ]
SQL: SHOW COLUMNS FROM `tp_user` [ RunTime:0.009001s ]
SQL: SELECT * FROM `tp_user` WHERE `username` = 'admin' AND `status` = 1 LIMIT 1   [ RunTime:0.001000s ]
NOTIC: [8] Undefined variable: data D:\wamp\www\exam\Maple\Maple\Admin\Controller\PublicController.class.php 第 29 行.
INFO: [ app_end ] --START--
INFO: Run Behavior\ShowPageTraceBehavior [ RunTime:0.002000s ]
INFO: [ app_end ] --END-- [ RunTime:0.002000s ]

[ 2014-07-30T15:23:57+08:00 ] 127.0.0.1 /exam/Maple/index.php/Public/login
INFO: [ app_begin ] --START--
INFO: Run Behavior\ReadHtmlCacheBehavior [ RunTime:0.001000s ]
INFO: [ app_begin ] --END-- [ RunTime:0.001000s ]

[ 2014-07-30T15:26:02+08:00 ] 127.0.0.1 /exam/Maple/index.php/Public/login
INFO: [ app_begin ] --START--
INFO: Run Behavior\ReadHtmlCacheBehavior [ RunTime:0.015600s ]
INFO: [ app_begin ] --END-- [ RunTime:0.015600s ]
SQL: SHOW COLUMNS FROM `tp_user` [ RunTime:0.031200s ]
SQL: SELECT * FROM `tp_user` WHERE `username` = 'admin' AND `status` = 1 LIMIT 1   [ RunTime:0.000000s ]
NOTIC: [8] Undefined variable: data D:\wamp\www\exam\Maple\Maple\Admin\Controller\PublicController.class.php 第 29 行.
INFO: [ app_end ] --START--
INFO: Run Behavior\ShowPageTraceBehavior [ RunTime:0.015600s ]
INFO: [ app_end ] --END-- [ RunTime:0.015600s ]

[ 2014-07-30T15:27:35+08:00 ] 127.0.0.1 /exam/Maple/index.php/Public/login
INFO: [ app_begin ] --START--
INFO: Run Behavior\ReadHtmlCacheBehavior [ RunTime:0.000000s ]
INFO: [ app_begin ] --END-- [ RunTime:0.000000s ]
SQL: SHOW COLUMNS FROM `tp_user` [ RunTime:0.000000s ]
SQL: SELECT * FROM `tp_user` WHERE `username` = 'admin' AND `status` = 1 LIMIT 1   [ RunTime:0.000000s ]
NOTIC: [8] Undefined variable: data D:\wamp\www\exam\Maple\Maple\Admin\Controller\PublicController.class.php 第 29 行.

[ 2014-07-30T15:28:41+08:00 ] 127.0.0.1 /exam/Maple/index.php/Public/login
INFO: [ app_begin ] --START--
INFO: Run Behavior\ReadHtmlCacheBehavior [ RunTime:0.000000s ]
INFO: [ app_begin ] --END-- [ RunTime:0.000000s ]
SQL: SHOW COLUMNS FROM `tp_user` [ RunTime:0.031200s ]
SQL: SELECT * FROM `tp_user` WHERE `username` = 'admin' AND `status` = 1 LIMIT 1   [ RunTime:0.000000s ]
NOTIC: [8] Undefined variable: data D:\wamp\www\exam\Maple\Maple\Admin\Controller\PublicController.class.php 第 29 行.

[ 2014-07-30T15:30:24+08:00 ] 127.0.0.1 /exam/Maple/index.php/Public/login
INFO: [ app_begin ] --START--
INFO: Run Behavior\ReadHtmlCacheBehavior [ RunTime:0.000000s ]
INFO: [ app_begin ] --END-- [ RunTime:0.000000s ]
SQL: SHOW COLUMNS FROM `tp_user` [ RunTime:0.015600s ]
SQL: SELECT * FROM `tp_user` WHERE `username` = 'admin' AND `status` = 1 LIMIT 1   [ RunTime:0.000000s ]
NOTIC: [8] Undefined variable: data D:\wamp\www\exam\Maple\Maple\Admin\Controller\PublicController.class.php 第 29 行.

[ 2014-07-30T15:30:26+08:00 ] 127.0.0.1 /exam/Maple/index.php/Public/login
INFO: [ app_begin ] --START--
INFO: Run Behavior\ReadHtmlCacheBehavior [ RunTime:0.000000s ]
INFO: [ app_begin ] --END-- [ RunTime:0.000000s ]

[ 2014-07-30T15:30:32+08:00 ] 127.0.0.1 /exam/Maple/index.php/Public/login
INFO: [ app_begin ] --START--
INFO: Run Behavior\ReadHtmlCacheBehavior [ RunTime:0.000000s ]
INFO: [ app_begin ] --END-- [ RunTime:0.000000s ]
SQL: SHOW COLUMNS FROM `tp_user` [ RunTime:0.000000s ]
SQL: SELECT * FROM `tp_user` WHERE `username` = 'admin' AND `status` = 1 LIMIT 1   [ RunTime:0.000000s ]
NOTIC: [8] Undefined variable: data D:\wamp\www\exam\Maple\Maple\Admin\Controller\PublicController.class.php 第 29 行.

[ 2014-07-30T15:32:00+08:00 ] 127.0.0.1 /exam/Maple/index.php/Public/login
INFO: [ app_begin ] --START--
INFO: Run Behavior\ReadHtmlCacheBehavior [ RunTime:0.000000s ]
INFO: [ app_begin ] --END-- [ RunTime:0.000000s ]

[ 2014-07-30T15:32:05+08:00 ] 127.0.0.1 /exam/Maple/index.php/Public/login
INFO: [ app_begin ] --START--
INFO: Run Behavior\ReadHtmlCacheBehavior [ RunTime:0.000000s ]
INFO: [ app_begin ] --END-- [ RunTime:0.000000s ]
SQL: SHOW COLUMNS FROM `tp_user` [ RunTime:0.015600s ]
SQL: SELECT * FROM `tp_user` WHERE `username` = 'admi' AND `status` = 1 LIMIT 1   [ RunTime:0.000000s ]

[ 2014-07-30T15:32:16+08:00 ] 127.0.0.1 /exam/Maple/index.php/Public/login
INFO: [ app_begin ] --START--
INFO: Run Behavior\ReadHtmlCacheBehavior [ RunTime:0.000000s ]
INFO: [ app_begin ] --END-- [ RunTime:0.000000s ]
SQL: SHOW COLUMNS FROM `tp_user` [ RunTime:0.015600s ]
SQL: SELECT * FROM `tp_user` WHERE `username` = 'admin' AND `status` = 1 LIMIT 1   [ RunTime:0.000000s ]

[ 2014-07-30T15:32:23+08:00 ] 127.0.0.1 /exam/Maple/index.php/Public/login
INFO: [ app_begin ] --START--
INFO: Run Behavior\ReadHtmlCacheBehavior [ RunTime:0.000000s ]
INFO: [ app_begin ] --END-- [ RunTime:0.000000s ]

[ 2014-07-30T15:32:28+08:00 ] 127.0.0.1 /exam/Maple/index.php/Public/login
INFO: [ app_begin ] --START--
INFO: Run Behavior\ReadHtmlCacheBehavior [ RunTime:0.000000s ]
INFO: [ app_begin ] --END-- [ RunTime:0.000000s ]
SQL: SHOW COLUMNS FROM `tp_user` [ RunTime:0.015600s ]
SQL: SELECT * FROM `tp_user` WHERE `username` = 'admin' AND `status` = 1 LIMIT 1   [ RunTime:0.000000s ]
NOTIC: [8] Undefined variable: data D:\wamp\www\exam\Maple\Maple\Admin\Controller\PublicController.class.php 第 29 行.

[ 2014-07-30T15:34:03+08:00 ] 127.0.0.1 /exam/Maple/index.php/Public/login
INFO: [ app_begin ] --START--
INFO: Run Behavior\ReadHtmlCacheBehavior [ RunTime:0.000000s ]
INFO: [ app_begin ] --END-- [ RunTime:0.000000s ]
SQL: SHOW COLUMNS FROM `tp_user` [ RunTime:0.031200s ]
SQL: SELECT * FROM `tp_user` WHERE `username` = 'admin' AND `status` = 1 LIMIT 1   [ RunTime:0.000000s ]
NOTIC: [8] Undefined variable: data D:\wamp\www\exam\Maple\Maple\Admin\Controller\PublicController.class.php 第 29 行.

[ 2014-07-30T15:34:03+08:00 ] 127.0.0.1 /exam/Maple/index.php/Public/Index/index
ERR: 非法操作:Index

[ 2014-07-30T15:35:20+08:00 ] 127.0.0.1 /exam/Maple/index.php/Public/login
INFO: [ app_begin ] --START--
INFO: Run Behavior\ReadHtmlCacheBehavior [ RunTime:0.000000s ]
INFO: [ app_begin ] --END-- [ RunTime:0.000000s ]
SQL: SHOW COLUMNS FROM `tp_user` [ RunTime:0.000000s ]
SQL: SELECT * FROM `tp_user` WHERE `username` = 'admin' AND `status` = 1 LIMIT 1   [ RunTime:0.000000s ]
NOTIC: [8] Undefined variable: data D:\wamp\www\exam\Maple\Maple\Admin\Controller\PublicController.class.php 第 29 行.

[ 2014-07-30T15:35:20+08:00 ] 127.0.0.1 /exam/Maple/index.php/Public/Index/index
ERR: 非法操作:Index

[ 2014-07-30T15:35:52+08:00 ] 127.0.0.1 /exam/Maple/index.php/Public/Index/index
ERR: 非法操作:Index

[ 2014-07-30T15:36:50+08:00 ] 127.0.0.1 /exam/Maple/index.php/Public/login
INFO: [ app_begin ] --START--
INFO: Run Behavior\ReadHtmlCacheBehavior [ RunTime:0.000000s ]
INFO: [ app_begin ] --END-- [ RunTime:0.000000s ]
SQL: SHOW COLUMNS FROM `tp_user` [ RunTime:0.031200s ]
SQL: SELECT * FROM `tp_user` WHERE `username` = 'admin' AND `status` = 1 LIMIT 1   [ RunTime:0.000000s ]
NOTIC: [8] Undefined variable: data D:\wamp\www\exam\Maple\Maple\Admin\Controller\PublicController.class.php 第 29 行.

[ 2014-07-30T15:36:50+08:00 ] 127.0.0.1 /exam/Maple/index.php/Public/Index/Index/index
ERR: 非法操作:Index

[ 2014-07-30T15:38:12+08:00 ] 127.0.0.1 /exam/Maple/index.php/Public/login
INFO: [ app_begin ] --START--
INFO: Run Behavior\ReadHtmlCacheBehavior [ RunTime:0.015600s ]
INFO: [ app_begin ] --END-- [ RunTime:0.015600s ]
SQL: SHOW COLUMNS FROM `tp_user` [ RunTime:0.015600s ]
SQL: SELECT * FROM `tp_user` WHERE `username` = 'admin' AND `status` = 1 LIMIT 1   [ RunTime:0.000000s ]
NOTIC: [8] Undefined variable: data D:\wamp\www\exam\Maple\Maple\Admin\Controller\PublicController.class.php 第 29 行.

[ 2014-07-30T15:38:12+08:00 ] 127.0.0.1 /exam/Maple/index.php/Index/index
INFO: [ app_begin ] --START--
INFO: Run Behavior\ReadHtmlCacheBehavior [ RunTime:0.000000s ]
INFO: [ app_begin ] --END-- [ RunTime:0.000000s ]
NOTIC: [8] Undefined variable: auth D:\wamp\www\exam\Maple\Maple\Admin\Controller\IndexController.class.php 第 11 行.

[ 2014-07-30T15:38:12+08:00 ] 127.0.0.1 /exam/Maple/index.php/Public/login
INFO: [ app_begin ] --START--
INFO: Run Behavior\ReadHtmlCacheBehavior [ RunTime:0.000000s ]
INFO: [ app_begin ] --END-- [ RunTime:0.000000s ]
INFO: [ view_parse ] --START--
INFO: [ template_filter ] --START--
INFO: Run Behavior\ContentReplaceBehavior [ RunTime:0.000000s ]
INFO: [ template_filter ] --END-- [ RunTime:0.000000s ]
INFO: Run Behavior\ParseTemplateBehavior [ RunTime:0.015600s ]
INFO: [ view_parse ] --END-- [ RunTime:0.015600s ]
INFO: [ view_filter ] --START--
INFO: Run Behavior\WriteHtmlCacheBehavior [ RunTime:0.000000s ]
INFO: [ view_filter ] --END-- [ RunTime:0.000000s ]
INFO: [ app_end ] --START--
INFO: Run Behavior\ShowPageTraceBehavior [ RunTime:0.000000s ]
INFO: [ app_end ] --END-- [ RunTime:0.000000s ]

[ 2014-07-30T15:38:14+08:00 ] 127.0.0.1 /exam/Maple/index.php/Public/login
INFO: [ app_begin ] --START--
INFO: Run Behavior\ReadHtmlCacheBehavior [ RunTime:0.000000s ]
INFO: [ app_begin ] --END-- [ RunTime:0.015600s ]

[ 2014-07-30T15:38:20+08:00 ] 127.0.0.1 /exam/Maple/index.php/Public/login
INFO: [ app_begin ] --START--
INFO: Run Behavior\ReadHtmlCacheBehavior [ RunTime:0.000000s ]
INFO: [ app_begin ] --END-- [ RunTime:0.000000s ]
SQL: SHOW COLUMNS FROM `tp_user` [ RunTime:0.015600s ]
SQL: SELECT * FROM `tp_user` WHERE `username` = 'admin' AND `status` = 1 LIMIT 1   [ RunTime:0.000000s ]
NOTIC: [8] Undefined variable: data D:\wamp\www\exam\Maple\Maple\Admin\Controller\PublicController.class.php 第 29 行.

[ 2014-07-30T15:38:21+08:00 ] 127.0.0.1 /exam/Maple/index.php/Index/index
INFO: [ app_begin ] --START--
INFO: Run Behavior\ReadHtmlCacheBehavior [ RunTime:0.000000s ]
INFO: [ app_begin ] --END-- [ RunTime:0.000000s ]
NOTIC: [8] Undefined variable: auth D:\wamp\www\exam\Maple\Maple\Admin\Controller\IndexController.class.php 第 11 行.

[ 2014-07-30T15:38:21+08:00 ] 127.0.0.1 /exam/Maple/index.php/Public/login
INFO: [ app_begin ] --START--
INFO: Run Behavior\ReadHtmlCacheBehavior [ RunTime:0.000000s ]
INFO: [ app_begin ] --END-- [ RunTime:0.000000s ]
INFO: [ view_parse ] --START--
INFO: [ template_filter ] --START--
INFO: Run Behavior\ContentReplaceBehavior [ RunTime:0.000000s ]
INFO: [ template_filter ] --END-- [ RunTime:0.000000s ]
INFO: Run Behavior\ParseTemplateBehavior [ RunTime:0.015600s ]
INFO: [ view_parse ] --END-- [ RunTime:0.015600s ]
INFO: [ view_filter ] --START--
INFO: Run Behavior\WriteHtmlCacheBehavior [ RunTime:0.000000s ]
INFO: [ view_filter ] --END-- [ RunTime:0.000000s ]
INFO: [ app_end ] --START--
INFO: Run Behavior\ShowPageTraceBehavior [ RunTime:0.000000s ]
INFO: [ app_end ] --END-- [ RunTime:0.000000s ]

[ 2014-07-30T15:42:11+08:00 ] 127.0.0.1 /exam/Maple/index.php/Public/login
INFO: [ app_begin ] --START--
INFO: Run Behavior\ReadHtmlCacheBehavior [ RunTime:0.000000s ]
INFO: [ app_begin ] --END-- [ RunTime:0.000000s ]
SQL: SHOW COLUMNS FROM `tp_user` [ RunTime:0.031200s ]
SQL: SELECT * FROM `tp_user` WHERE `username` = 'admin' AND `status` = 1 LIMIT 1   [ RunTime:0.000000s ]
SQL: UPDATE `tp_user` SET `login`=`login`+1,`last_login_time`=1406706131,`last_login_ip`='127.0.0.1' WHERE `uid` = 1 [ RunTime:0.000000s ]

[ 2014-07-30T15:42:12+08:00 ] 127.0.0.1 /exam/Maple/index.php/Index/index
INFO: [ app_begin ] --START--
INFO: Run Behavior\ReadHtmlCacheBehavior [ RunTime:0.000000s ]
INFO: [ app_begin ] --END-- [ RunTime:0.000000s ]
NOTIC: [8] Undefined variable: auth D:\wamp\www\exam\Maple\Maple\Admin\Controller\IndexController.class.php 第 11 行.

[ 2014-07-30T15:42:12+08:00 ] 127.0.0.1 /exam/Maple/index.php/Public/login
INFO: [ app_begin ] --START--
INFO: Run Behavior\ReadHtmlCacheBehavior [ RunTime:0.000000s ]
INFO: [ app_begin ] --END-- [ RunTime:0.000000s ]
INFO: [ view_parse ] --START--
INFO: [ template_filter ] --START--
INFO: Run Behavior\ContentReplaceBehavior [ RunTime:0.000000s ]
INFO: [ template_filter ] --END-- [ RunTime:0.000000s ]
INFO: Run Behavior\ParseTemplateBehavior [ RunTime:0.015600s ]
INFO: [ view_parse ] --END-- [ RunTime:0.015600s ]
INFO: [ view_filter ] --START--
INFO: Run Behavior\WriteHtmlCacheBehavior [ RunTime:0.000000s ]
INFO: [ view_filter ] --END-- [ RunTime:0.000000s ]
INFO: [ app_end ] --START--
INFO: Run Behavior\ShowPageTraceBehavior [ RunTime:0.000000s ]
INFO: [ app_end ] --END-- [ RunTime:0.000000s ]

[ 2014-07-30T15:42:13+08:00 ] 127.0.0.1 /exam/Maple/index.php/Public/login
INFO: [ app_begin ] --START--
INFO: Run Behavior\ReadHtmlCacheBehavior [ RunTime:0.000000s ]
INFO: [ app_begin ] --END-- [ RunTime:0.000000s ]

[ 2014-07-30T15:42:37+08:00 ] 127.0.0.1 /exam/Maple/index.php/Public/login
INFO: [ app_begin ] --START--
INFO: Run Behavior\ReadHtmlCacheBehavior [ RunTime:0.000000s ]
INFO: [ app_begin ] --END-- [ RunTime:0.015600s ]
SQL: SHOW COLUMNS FROM `tp_user` [ RunTime:0.015600s ]
SQL: SELECT * FROM `tp_user` WHERE `username` = 'admin' AND `status` = 1 LIMIT 1   [ RunTime:0.000000s ]

[ 2014-07-30T15:42:45+08:00 ] 127.0.0.1 /exam/Maple/index.php/Public/login
INFO: [ app_begin ] --START--
INFO: Run Behavior\ReadHtmlCacheBehavior [ RunTime:0.000000s ]
INFO: [ app_begin ] --END-- [ RunTime:0.000000s ]

[ 2014-07-30T15:42:51+08:00 ] 127.0.0.1 /exam/Maple/index.php/Public/login
INFO: [ app_begin ] --START--
INFO: Run Behavior\ReadHtmlCacheBehavior [ RunTime:0.000000s ]
INFO: [ app_begin ] --END-- [ RunTime:0.000000s ]
SQL: SHOW COLUMNS FROM `tp_user` [ RunTime:0.015600s ]
SQL: SELECT * FROM `tp_user` WHERE `username` = 'admin' AND `status` = 1 LIMIT 1   [ RunTime:0.000000s ]
SQL: UPDATE `tp_user` SET `login`=`login`+1,`last_login_time`=1406706171,`last_login_ip`='127.0.0.1' WHERE `uid` = 1 [ RunTime:0.000000s ]

[ 2014-07-30T15:44:30+08:00 ] 127.0.0.1 /exam/Maple/index.php/Public/login
INFO: [ app_begin ] --START--
INFO: Run Behavior\ReadHtmlCacheBehavior [ RunTime:0.001000s ]
INFO: [ app_begin ] --END-- [ RunTime:0.002000s ]
SQL: SHOW COLUMNS FROM `tp_user` [ RunTime:0.009001s ]
SQL: SELECT * FROM `tp_user` WHERE `username` = 'admin' AND `status` = 1 LIMIT 1   [ RunTime:0.000000s ]

[ 2014-07-30T15:44:38+08:00 ] 127.0.0.1 /exam/Maple/index.php/Public/login
INFO: [ app_begin ] --START--
INFO: Run Behavior\ReadHtmlCacheBehavior [ RunTime:0.001000s ]
INFO: [ app_begin ] --END-- [ RunTime:0.002000s ]
SQL: SHOW COLUMNS FROM `tp_user` [ RunTime:0.026002s ]
SQL: SELECT * FROM `tp_user` WHERE `username` = 'admin' AND `status` = 1 LIMIT 1   [ RunTime:0.001000s ]
SQL: UPDATE `tp_user` SET `login`=`login`+1,`last_login_time`=1406706277,`last_login_ip`='127.0.0.1' WHERE `uid` = 1 [ RunTime:0.001000s ]

[ 2014-07-30T15:46:43+08:00 ] 127.0.0.1 /exam/Maple/index.php/Public/login
INFO: [ app_begin ] --START--
INFO: Run Behavior\ReadHtmlCacheBehavior [ RunTime:0.000000s ]
INFO: [ app_begin ] --END-- [ RunTime:0.000000s ]
SQL: SHOW COLUMNS FROM `tp_user` [ RunTime:0.015600s ]
SQL: SELECT * FROM `tp_user` WHERE `username` = 'admin' LIMIT 1   [ RunTime:0.000000s ]
NOTIC: [8] Undefined index: id D:\wamp\www\exam\Maple\Maple\Admin\Controller\PublicController.class.php 第 27 行.
NOTIC: [8] Undefined variable: model D:\wamp\www\exam\Maple\Maple\Admin\Controller\PublicController.class.php 第 30 行.

[ 2014-07-30T15:47:25+08:00 ] 127.0.0.1 /exam/Maple/index.php/Public/login
INFO: [ app_begin ] --START--
INFO: Run Behavior\ReadHtmlCacheBehavior [ RunTime:0.000000s ]
INFO: [ app_begin ] --END-- [ RunTime:0.000000s ]
SQL: SHOW COLUMNS FROM `tp_user` [ RunTime:0.031200s ]
SQL: SELECT * FROM `tp_user` WHERE `username` = 'admin' LIMIT 1   [ RunTime:0.000000s ]
NOTIC: [8] Undefined index: id D:\wamp\www\exam\Maple\Maple\Admin\Controller\PublicController.class.php 第 27 行.
NOTIC: [8] Undefined variable: model D:\wamp\www\exam\Maple\Maple\Admin\Controller\PublicController.class.php 第 30 行.

[ 2014-07-30T15:47:27+08:00 ] 127.0.0.1 /exam/Maple/index.php/Public/login
INFO: [ app_begin ] --START--
INFO: Run Behavior\ReadHtmlCacheBehavior [ RunTime:0.000000s ]
INFO: [ app_begin ] --END-- [ RunTime:0.000000s ]

[ 2014-07-30T15:47:32+08:00 ] 127.0.0.1 /exam/Maple/index.php/Public/login
INFO: [ app_begin ] --START--
INFO: Run Behavior\ReadHtmlCacheBehavior [ RunTime:0.000000s ]
INFO: [ app_begin ] --END-- [ RunTime:0.000000s ]
SQL: SHOW COLUMNS FROM `tp_user` [ RunTime:0.031201s ]
SQL: SELECT * FROM `tp_user` WHERE `username` = 'admin' LIMIT 1   [ RunTime:0.000000s ]
NOTIC: [8] Undefined index: id D:\wamp\www\exam\Maple\Maple\Admin\Controller\PublicController.class.php 第 27 行.
NOTIC: [8] Undefined variable: model D:\wamp\www\exam\Maple\Maple\Admin\Controller\PublicController.class.php 第 30 行.

[ 2014-07-30T15:47:34+08:00 ] 127.0.0.1 /exam/Maple/index.php/Public/login
INFO: [ app_begin ] --START--
INFO: Run Behavior\ReadHtmlCacheBehavior [ RunTime:0.000000s ]
INFO: [ app_begin ] --END-- [ RunTime:0.000000s ]

[ 2014-07-30T15:48:41+08:00 ] 127.0.0.1 /exam/Maple/index.php/Public/login
INFO: [ app_begin ] --START--
INFO: Run Behavior\ReadHtmlCacheBehavior [ RunTime:0.001000s ]
INFO: [ app_begin ] --END-- [ RunTime:0.002000s ]
SQL: SHOW COLUMNS FROM `tp_user` [ RunTime:0.026001s ]
SQL: SELECT * FROM `tp_user` WHERE `username` = 'admin' LIMIT 1   [ RunTime:0.002000s ]
NOTIC: [8] Undefined index: id D:\wamp\www\exam\Maple\Maple\Admin\Controller\PublicController.class.php 第 27 行.
NOTIC: [8] Undefined variable: model D:\wamp\www\exam\Maple\Maple\Admin\Controller\PublicController.class.php 第 30 行.

[ 2014-07-30T15:48:43+08:00 ] 127.0.0.1 /exam/Maple/index.php/Public/login
INFO: [ app_begin ] --START--
INFO: Run Behavior\ReadHtmlCacheBehavior [ RunTime:0.002000s ]
INFO: [ app_begin ] --END-- [ RunTime:0.003000s ]

[ 2014-07-30T15:48:50+08:00 ] 127.0.0.1 /exam/Maple/index.php/Public/login
INFO: [ app_begin ] --START--
INFO: Run Behavior\ReadHtmlCacheBehavior [ RunTime:0.001000s ]
INFO: [ app_begin ] --END-- [ RunTime:0.002000s ]
SQL: SHOW COLUMNS FROM `tp_user` [ RunTime:0.025001s ]
SQL: SELECT * FROM `tp_user` WHERE `username` = 'admin' LIMIT 1   [ RunTime:0.000000s ]
NOTIC: [8] Undefined index: id D:\wamp\www\exam\Maple\Maple\Admin\Controller\PublicController.class.php 第 27 行.
NOTIC: [8] Undefined variable: model D:\wamp\www\exam\Maple\Maple\Admin\Controller\PublicController.class.php 第 30 行.

[ 2014-07-30T15:49:43+08:00 ] 127.0.0.1 /exam/Maple/index.php/Public/login
INFO: [ app_begin ] --START--
INFO: Run Behavior\ReadHtmlCacheBehavior [ RunTime:0.000000s ]
INFO: [ app_begin ] --END-- [ RunTime:0.000000s ]
SQL: SHOW COLUMNS FROM `tp_user` [ RunTime:0.031201s ]
SQL: SELECT * FROM `tp_user` WHERE `username` = 'admin' LIMIT 1   [ RunTime:0.000000s ]
NOTIC: [8] Undefined variable: model D:\wamp\www\exam\Maple\Maple\Admin\Controller\PublicController.class.php 第 30 行.

[ 2014-07-30T15:49:45+08:00 ] 127.0.0.1 /exam/Maple/index.php/Public/login
INFO: [ app_begin ] --START--
INFO: Run Behavior\ReadHtmlCacheBehavior [ RunTime:0.000000s ]
INFO: [ app_begin ] --END-- [ RunTime:0.015600s ]

[ 2014-07-30T15:50:23+08:00 ] 127.0.0.1 /exam/Maple/index.php/Public/Index/Index/index
ERR: 非法操作:Index

[ 2014-07-30T15:50:35+08:00 ] 127.0.0.1 /exam/Maple/index.php/Public/Index/Index/index
ERR: 非法操作:Index

[ 2014-07-30T15:51:05+08:00 ] 127.0.0.1 /exam/Maple/index.php/oublic
ERR: 无法加载控制器:Oublic

[ 2014-07-30T15:51:10+08:00 ] 127.0.0.1 /exam/Maple/index.php/public
ERR: 非法操作:index

[ 2014-07-30T15:51:16+08:00 ] 127.0.0.1 /exam/Maple/index.php/public/;ogin
ERR: 非法操作:;ogin

[ 2014-07-30T15:51:29+08:00 ] 127.0.0.1 /exam/Maple/index.php/public/login
INFO: [ app_begin ] --START--
INFO: Run Behavior\ReadHtmlCacheBehavior [ RunTime:0.000000s ]
INFO: [ app_begin ] --END-- [ RunTime:0.000000s ]
SQL: SHOW COLUMNS FROM `tp_user` [ RunTime:0.015600s ]
NOTIC: [8] Use of undefined constant user - assumed 'user' D:\wamp\www\exam\Maple\Maple\Admin\Controller\PublicController.class.php 第 16 行.
SQL: SELECT * FROM `tp_user` WHERE `username` = 'admin' LIMIT 1   [ RunTime:0.015600s ]
NOTIC: [8] Undefined variable: model D:\wamp\www\exam\Maple\Maple\Admin\Controller\PublicController.class.php 第 30 行.

[ 2014-07-30T15:53:27+08:00 ] 127.0.0.1 /exam/Maple/index.php/public/login
INFO: [ app_begin ] --START--
INFO: Run Behavior\ReadHtmlCacheBehavior [ RunTime:0.000000s ]
INFO: [ app_begin ] --END-- [ RunTime:0.015600s ]
SQL: SHOW COLUMNS FROM `tp_user` [ RunTime:0.000000s ]
NOTIC: [8] Use of undefined constant user - assumed 'user' D:\wamp\www\exam\Maple\Maple\Admin\Controller\PublicController.class.php 第 16 行.
SQL: SELECT * FROM `tp_user` WHERE `username` = 'admin' LIMIT 1   [ RunTime:0.000000s ]
NOTIC: [8] Undefined variable: model D:\wamp\www\exam\Maple\Maple\Admin\Controller\PublicController.class.php 第 30 行.

[ 2014-07-30T15:53:29+08:00 ] 127.0.0.1 /exam/Maple/index.php/public/login
INFO: [ app_begin ] --START--
INFO: Run Behavior\ReadHtmlCacheBehavior [ RunTime:0.000000s ]
INFO: [ app_begin ] --END-- [ RunTime:0.000000s ]

[ 2014-07-30T15:53:33+08:00 ] 127.0.0.1 /exam/Maple/index.php/public/login
INFO: [ app_begin ] --START--
INFO: Run Behavior\ReadHtmlCacheBehavior [ RunTime:0.000000s ]
INFO: [ app_begin ] --END-- [ RunTime:0.000000s ]
SQL: SHOW COLUMNS FROM `tp_user` [ RunTime:0.000000s ]
NOTIC: [8] Use of undefined constant user - assumed 'user' D:\wamp\www\exam\Maple\Maple\Admin\Controller\PublicController.class.php 第 16 行.
SQL: SELECT * FROM `tp_user` WHERE `username` = 'admin' LIMIT 1   [ RunTime:0.000000s ]
NOTIC: [8] Undefined variable: model D:\wamp\www\exam\Maple\Maple\Admin\Controller\PublicController.class.php 第 30 行.

[ 2014-07-30T15:54:09+08:00 ] 127.0.0.1 /exam/Maple/index.php/public/login
INFO: [ app_begin ] --START--
INFO: Run Behavior\ReadHtmlCacheBehavior [ RunTime:0.000000s ]
INFO: [ app_begin ] --END-- [ RunTime:0.000000s ]

[ 2014-07-30T15:54:14+08:00 ] 127.0.0.1 /exam/Maple/index.php/public/login
INFO: [ app_begin ] --START--
INFO: Run Behavior\ReadHtmlCacheBehavior [ RunTime:0.015600s ]
INFO: [ app_begin ] --END-- [ RunTime:0.015600s ]
SQL: SHOW COLUMNS FROM `tp_user` [ RunTime:0.015600s ]
NOTIC: [8] Use of undefined constant user - assumed 'user' D:\wamp\www\exam\Maple\Maple\Admin\Controller\PublicController.class.php 第 16 行.
SQL: SELECT * FROM `tp_user` WHERE `username` = 'admin' LIMIT 1   [ RunTime:0.000000s ]
NOTIC: [8] Undefined variable: model D:\wamp\www\exam\Maple\Maple\Admin\Controller\PublicController.class.php 第 30 行.

[ 2014-07-30T15:54:15+08:00 ] 127.0.0.1 /exam/Maple/index.php/public/login
INFO: [ app_begin ] --START--
INFO: Run Behavior\ReadHtmlCacheBehavior [ RunTime:0.000000s ]
INFO: [ app_begin ] --END-- [ RunTime:0.000000s ]

[ 2014-07-30T15:54:20+08:00 ] 127.0.0.1 /exam/Maple/index.php/public/login
INFO: [ app_begin ] --START--
INFO: Run Behavior\ReadHtmlCacheBehavior [ RunTime:0.015600s ]
INFO: [ app_begin ] --END-- [ RunTime:0.015600s ]
SQL: SHOW COLUMNS FROM `tp_user` [ RunTime:0.015600s ]
NOTIC: [8] Use of undefined constant user - assumed 'user' D:\wamp\www\exam\Maple\Maple\Admin\Controller\PublicController.class.php 第 16 行.
SQL: SELECT * FROM `tp_user` WHERE `username` = 'admin' LIMIT 1   [ RunTime:0.000000s ]
NOTIC: [8] Undefined variable: model D:\wamp\www\exam\Maple\Maple\Admin\Controller\PublicController.class.php 第 30 行.

[ 2014-07-30T15:54:47+08:00 ] 127.0.0.1 /exam/Maple/index.php/public/%7B:U(%27Index/index%27)%7D
ERR: 非法操作:{:U('Index

[ 2014-07-30T15:59:53+08:00 ] 127.0.0.1 /exam/Maple/index.php/Public/login
INFO: [ app_begin ] --START--
INFO: Run Behavior\ReadHtmlCacheBehavior [ RunTime:0.000000s ]
INFO: [ app_begin ] --END-- [ RunTime:0.000000s ]
SQL: SHOW COLUMNS FROM `tp_user` [ RunTime:0.015600s ]
NOTIC: [8] Use of undefined constant user - assumed 'user' D:\wamp\www\exam\Maple\Maple\Admin\Controller\PublicController.class.php 第 17 行.
SQL: SELECT * FROM `tp_user` WHERE `username` = 'admin' AND `password` = 'admin' LIMIT 1   [ RunTime:0.000000s ]

[ 2014-07-30T15:59:56+08:00 ] 127.0.0.1 /exam/Maple/index.php/Public/login
INFO: [ app_begin ] --START--
INFO: Run Behavior\ReadHtmlCacheBehavior [ RunTime:0.015600s ]
INFO: [ app_begin ] --END-- [ RunTime:0.015600s ]

[ 2014-07-30T16:00:02+08:00 ] 127.0.0.1 /exam/Maple/index.php/Public/login
INFO: [ app_begin ] --START--
INFO: Run Behavior\ReadHtmlCacheBehavior [ RunTime:0.000000s ]
INFO: [ app_begin ] --END-- [ RunTime:0.000000s ]

[ 2014-07-30T16:01:09+08:00 ] 127.0.0.1 /exam/Maple/index.php/Public/login
INFO: [ app_begin ] --START--
INFO: Run Behavior\ReadHtmlCacheBehavior [ RunTime:0.000000s ]
INFO: [ app_begin ] --END-- [ RunTime:0.000000s ]
SQL: SHOW COLUMNS FROM `tp_user` [ RunTime:0.015600s ]
NOTIC: [8] Use of undefined constant user - assumed 'user' D:\wamp\www\exam\Maple\Maple\Admin\Controller\PublicController.class.php 第 17 行.
SQL: SELECT * FROM `tp_user` WHERE `username` = 'admin' AND `password` = 'admin' LIMIT 1   [ RunTime:0.000000s ]

[ 2014-07-30T16:01:11+08:00 ] 127.0.0.1 /exam/Maple/index.php/Public/login
INFO: [ app_begin ] --START--
INFO: Run Behavior\ReadHtmlCacheBehavior [ RunTime:0.000000s ]
INFO: [ app_begin ] --END-- [ RunTime:0.000000s ]

[ 2014-07-30T16:04:14+08:00 ] 127.0.0.1 /exam/Maple/index.php/public/%7B:U(%27Index/index%27)%7D
ERR: 非法操作:{:U('Index

[ 2014-07-30T16:04:35+08:00 ] 127.0.0.1 /exam/Maple/index.php/public
ERR: 非法操作:index

[ 2014-07-30T16:04:41+08:00 ] 127.0.0.1 /exam/Maple/index.php/public
ERR: 非法操作:index

[ 2014-07-30T16:05:26+08:00 ] 127.0.0.1 /exam/Maple/index.php/public
ERR: 非法操作:index

[ 2014-07-30T16:05:37+08:00 ] 127.0.0.1 /exam/Maple/index.php/public/%7B:U(%27Index/index%27)%7D
ERR: 非法操作:{:U('Index

[ 2014-07-30T16:05:44+08:00 ] 127.0.0.1 /exam/Maple/index.php/public/%7B:U(%27Index/index%27)%7D
ERR: 非法操作:{:U('Index

[ 2014-07-30T16:08:03+08:00 ] 127.0.0.1 /exam/Maple/index.php/Public/login
INFO: [ app_begin ] --START--
INFO: Run Behavior\ReadHtmlCacheBehavior [ RunTime:0.000000s ]
INFO: [ app_begin ] --END-- [ RunTime:0.000000s ]
SQL: SHOW COLUMNS FROM `tp_user` [ RunTime:0.015600s ]
SQL: SELECT * FROM `tp_user` WHERE `username` = 'admin' AND `password` = 'admin' LIMIT 1   [ RunTime:0.000000s ]
INFO: [ app_end ] --START--
INFO: Run Behavior\ShowPageTraceBehavior [ RunTime:0.000000s ]
INFO: [ app_end ] --END-- [ RunTime:0.000000s ]

[ 2014-07-30T16:08:05+08:00 ] 127.0.0.1 /exam/Maple/index.php/Public/login
INFO: [ app_begin ] --START--
INFO: Run Behavior\ReadHtmlCacheBehavior [ RunTime:0.015600s ]
INFO: [ app_begin ] --END-- [ RunTime:0.015600s ]
SQL: SHOW COLUMNS FROM `tp_user` [ RunTime:0.031200s ]
SQL: SELECT * FROM `tp_user` WHERE `username` = 'admin' AND `password` = 'admin' LIMIT 1   [ RunTime:0.000000s ]
INFO: [ app_end ] --START--
INFO: Run Behavior\ShowPageTraceBehavior [ RunTime:0.000000s ]
INFO: [ app_end ] --END-- [ RunTime:0.000000s ]

[ 2014-07-30T16:08:07+08:00 ] 127.0.0.1 /exam/Maple/index.php/Public/login
INFO: [ app_begin ] --START--
INFO: Run Behavior\ReadHtmlCacheBehavior [ RunTime:0.000000s ]
INFO: [ app_begin ] --END-- [ RunTime:0.000000s ]
SQL: SHOW COLUMNS FROM `tp_user` [ RunTime:0.015600s ]
SQL: SELECT * FROM `tp_user` WHERE `username` = 'admin' AND `password` = 'admin' LIMIT 1   [ RunTime:0.000000s ]
INFO: [ app_end ] --START--
INFO: Run Behavior\ShowPageTraceBehavior [ RunTime:0.000000s ]
INFO: [ app_end ] --END-- [ RunTime:0.000000s ]

[ 2014-07-30T16:08:08+08:00 ] 127.0.0.1 /exam/Maple/index.php/Public/login
INFO: [ app_begin ] --START--
INFO: Run Behavior\ReadHtmlCacheBehavior [ RunTime:0.000000s ]
INFO: [ app_begin ] --END-- [ RunTime:0.000000s ]
SQL: SHOW COLUMNS FROM `tp_user` [ RunTime:0.015600s ]
SQL: SELECT * FROM `tp_user` WHERE `username` = 'admin' AND `password` = 'admin' LIMIT 1   [ RunTime:0.000000s ]
INFO: [ app_end ] --START--
INFO: Run Behavior\ShowPageTraceBehavior [ RunTime:0.000000s ]
INFO: [ app_end ] --END-- [ RunTime:0.000000s ]

[ 2014-07-30T16:08:08+08:00 ] 127.0.0.1 /exam/Maple/index.php/Public/login
INFO: [ app_begin ] --START--
INFO: Run Behavior\ReadHtmlCacheBehavior [ RunTime:0.000000s ]
INFO: [ app_begin ] --END-- [ RunTime:0.000000s ]
SQL: SHOW COLUMNS FROM `tp_user` [ RunTime:0.000000s ]
SQL: SELECT * FROM `tp_user` WHERE `username` = 'admin' AND `password` = 'admin' LIMIT 1   [ RunTime:0.000000s ]
INFO: [ app_end ] --START--
INFO: Run Behavior\ShowPageTraceBehavior [ RunTime:0.000000s ]
INFO: [ app_end ] --END-- [ RunTime:0.000000s ]

[ 2014-07-30T16:08:08+08:00 ] 127.0.0.1 /exam/Maple/index.php/Public/login
INFO: [ app_begin ] --START--
INFO: Run Behavior\ReadHtmlCacheBehavior [ RunTime:0.000000s ]
INFO: [ app_begin ] --END-- [ RunTime:0.000000s ]
SQL: SHOW COLUMNS FROM `tp_user` [ RunTime:0.015600s ]
SQL: SELECT * FROM `tp_user` WHERE `username` = 'admin' AND `password` = 'admin' LIMIT 1   [ RunTime:0.000000s ]
INFO: [ app_end ] --START--
INFO: Run Behavior\ShowPageTraceBehavior [ RunTime:0.015600s ]
INFO: [ app_end ] --END-- [ RunTime:0.015600s ]

[ 2014-07-30T16:08:08+08:00 ] 127.0.0.1 /exam/Maple/index.php/Public/login
INFO: [ app_begin ] --START--
INFO: Run Behavior\ReadHtmlCacheBehavior [ RunTime:0.000000s ]
INFO: [ app_begin ] --END-- [ RunTime:0.000000s ]
SQL: SHOW COLUMNS FROM `tp_user` [ RunTime:0.000000s ]
SQL: SELECT * FROM `tp_user` WHERE `username` = 'admin' AND `password` = 'admin' LIMIT 1   [ RunTime:0.000000s ]
INFO: [ app_end ] --START--
INFO: Run Behavior\ShowPageTraceBehavior [ RunTime:0.000000s ]
INFO: [ app_end ] --END-- [ RunTime:0.000000s ]

[ 2014-07-30T16:08:46+08:00 ] 127.0.0.1 /exam/Maple/index.php/Public/login
INFO: [ app_begin ] --START--
INFO: Run Behavior\ReadHtmlCacheBehavior [ RunTime:0.000000s ]
INFO: [ app_begin ] --END-- [ RunTime:0.000000s ]
SQL: SHOW COLUMNS FROM `tp_user` [ RunTime:0.031200s ]
SQL: SELECT * FROM `tp_user` WHERE `username` = 'admin' AND `password` = 'admin' LIMIT 1   [ RunTime:0.000000s ]
INFO: [ app_end ] --START--
INFO: Run Behavior\ShowPageTraceBehavior [ RunTime:0.000000s ]
INFO: [ app_end ] --END-- [ RunTime:0.000000s ]

[ 2014-07-30T16:08:46+08:00 ] 127.0.0.1 /exam/Maple/index.php/Public/login
INFO: [ app_begin ] --START--
INFO: Run Behavior\ReadHtmlCacheBehavior [ RunTime:0.000000s ]
INFO: [ app_begin ] --END-- [ RunTime:0.000000s ]
SQL: SHOW COLUMNS FROM `tp_user` [ RunTime:0.000000s ]
SQL: SELECT * FROM `tp_user` WHERE `username` = 'admin' AND `password` = 'admin' LIMIT 1   [ RunTime:0.000000s ]
INFO: [ app_end ] --START--
INFO: Run Behavior\ShowPageTraceBehavior [ RunTime:0.000000s ]
INFO: [ app_end ] --END-- [ RunTime:0.000000s ]

[ 2014-07-30T16:08:47+08:00 ] 127.0.0.1 /exam/Maple/index.php/Public/login
INFO: [ app_begin ] --START--
INFO: Run Behavior\ReadHtmlCacheBehavior [ RunTime:0.000000s ]
INFO: [ app_begin ] --END-- [ RunTime:0.000000s ]
SQL: SHOW COLUMNS FROM `tp_user` [ RunTime:0.015600s ]
SQL: SELECT * FROM `tp_user` WHERE `username` = 'admin' AND `password` = 'admin' LIMIT 1   [ RunTime:0.000000s ]
INFO: [ app_end ] --START--
INFO: Run Behavior\ShowPageTraceBehavior [ RunTime:0.000000s ]
INFO: [ app_end ] --END-- [ RunTime:0.000000s ]

[ 2014-07-30T16:08:47+08:00 ] 127.0.0.1 /exam/Maple/index.php/Public/login
INFO: [ app_begin ] --START--
INFO: Run Behavior\ReadHtmlCacheBehavior [ RunTime:0.000000s ]
INFO: [ app_begin ] --END-- [ RunTime:0.000000s ]
SQL: SHOW COLUMNS FROM `tp_user` [ RunTime:0.000000s ]
SQL: SELECT * FROM `tp_user` WHERE `username` = 'admin' AND `password` = 'admin' LIMIT 1   [ RunTime:0.000000s ]
INFO: [ app_end ] --START--
INFO: Run Behavior\ShowPageTraceBehavior [ RunTime:0.000000s ]
INFO: [ app_end ] --END-- [ RunTime:0.000000s ]

[ 2014-07-30T16:09:56+08:00 ] 127.0.0.1 /exam/Maple/index.php/Public/login
INFO: [ app_begin ] --START--
INFO: Run Behavior\ReadHtmlCacheBehavior [ RunTime:0.000000s ]
INFO: [ app_begin ] --END-- [ RunTime:0.000000s ]
SQL: SHOW COLUMNS FROM `tp_user` [ RunTime:0.000000s ]
SQL: SELECT * FROM `tp_user` WHERE `username` = 'admin' AND `password` = 'admin' LIMIT 1   [ RunTime:0.000000s ]
INFO: [ app_end ] --START--
INFO: Run Behavior\ShowPageTraceBehavior [ RunTime:0.000000s ]
INFO: [ app_end ] --END-- [ RunTime:0.000000s ]

[ 2014-07-30T16:09:59+08:00 ] 127.0.0.1 /exam/Maple/index.php/Public/login
INFO: [ app_begin ] --START--
INFO: Run Behavior\ReadHtmlCacheBehavior [ RunTime:0.015600s ]
INFO: [ app_begin ] --END-- [ RunTime:0.015600s ]
SQL: SHOW COLUMNS FROM `tp_user` [ RunTime:0.015600s ]
SQL: SELECT * FROM `tp_user` WHERE `username` = 'admin' AND `password` = 'admin' LIMIT 1   [ RunTime:0.000000s ]
INFO: [ app_end ] --START--
INFO: Run Behavior\ShowPageTraceBehavior [ RunTime:0.000000s ]
INFO: [ app_end ] --END-- [ RunTime:0.000000s ]

[ 2014-07-30T16:09:59+08:00 ] 127.0.0.1 /exam/Maple/index.php/Public/login
INFO: [ app_begin ] --START--
INFO: Run Behavior\ReadHtmlCacheBehavior [ RunTime:0.015600s ]
INFO: [ app_begin ] --END-- [ RunTime:0.015600s ]
SQL: SHOW COLUMNS FROM `tp_user` [ RunTime:0.015600s ]
SQL: SELECT * FROM `tp_user` WHERE `username` = 'admin' AND `password` = 'admin' LIMIT 1   [ RunTime:0.000000s ]
INFO: [ app_end ] --START--
INFO: Run Behavior\ShowPageTraceBehavior [ RunTime:0.000000s ]
INFO: [ app_end ] --END-- [ RunTime:0.000000s ]

[ 2014-07-30T16:10:00+08:00 ] 127.0.0.1 /exam/Maple/index.php/Public/login
INFO: [ app_begin ] --START--
INFO: Run Behavior\ReadHtmlCacheBehavior [ RunTime:0.000000s ]
INFO: [ app_begin ] --END-- [ RunTime:0.000000s ]
SQL: SHOW COLUMNS FROM `tp_user` [ RunTime:0.000000s ]
SQL: SELECT * FROM `tp_user` WHERE `username` = 'admin' AND `password` = 'admin' LIMIT 1   [ RunTime:0.000000s ]
INFO: [ app_end ] --START--
INFO: Run Behavior\ShowPageTraceBehavior [ RunTime:0.000000s ]
INFO: [ app_end ] --END-- [ RunTime:0.000000s ]

[ 2014-07-30T16:10:24+08:00 ] 127.0.0.1 /exam/Maple/index.php/Public/login
INFO: [ app_begin ] --START--
INFO: Run Behavior\ReadHtmlCacheBehavior [ RunTime:0.000000s ]
INFO: [ app_begin ] --END-- [ RunTime:0.000000s ]
SQL: SHOW COLUMNS FROM `tp_user` [ RunTime:0.062401s ]
SQL: SELECT * FROM `tp_user` WHERE `username` = 'admin' AND `password` = 'admin' LIMIT 1   [ RunTime:0.000000s ]
INFO: [ app_end ] --START--
INFO: Run Behavior\ShowPageTraceBehavior [ RunTime:0.015600s ]
INFO: [ app_end ] --END-- [ RunTime:0.015600s ]

[ 2014-07-30T16:10:24+08:00 ] 127.0.0.1 /exam/Maple/index.php/Public/login
INFO: [ app_begin ] --START--
INFO: Run Behavior\ReadHtmlCacheBehavior [ RunTime:0.000000s ]
INFO: [ app_begin ] --END-- [ RunTime:0.000000s ]
SQL: SHOW COLUMNS FROM `tp_user` [ RunTime:0.015600s ]
SQL: SELECT * FROM `tp_user` WHERE `username` = 'admin' AND `password` = 'admin' LIMIT 1   [ RunTime:0.000000s ]
INFO: [ app_end ] --START--
INFO: Run Behavior\ShowPageTraceBehavior [ RunTime:0.000000s ]
INFO: [ app_end ] --END-- [ RunTime:0.000000s ]

[ 2014-07-30T16:10:45+08:00 ] 127.0.0.1 /exam/Maple/index.php/Public/login
INFO: [ app_begin ] --START--
INFO: Run Behavior\ReadHtmlCacheBehavior [ RunTime:0.000000s ]
INFO: [ app_begin ] --END-- [ RunTime:0.000000s ]
SQL: SHOW COLUMNS FROM `tp_user` [ RunTime:0.015600s ]
SQL: SELECT * FROM `tp_user` WHERE `username` = 'admin' AND `password` = 'admin' LIMIT 1   [ RunTime:0.000000s ]
INFO: [ view_parse ] --START--
INFO: [ template_filter ] --START--
INFO: Run Behavior\ContentReplaceBehavior [ RunTime:0.000000s ]
INFO: [ template_filter ] --END-- [ RunTime:0.000000s ]
INFO: Run Behavior\ParseTemplateBehavior [ RunTime:0.000000s ]
INFO: [ view_parse ] --END-- [ RunTime:0.000000s ]
INFO: [ view_filter ] --START--
INFO: Run Behavior\WriteHtmlCacheBehavior [ RunTime:0.000000s ]
INFO: [ view_filter ] --END-- [ RunTime:0.000000s ]
INFO: [ app_end ] --START--
INFO: Run Behavior\ShowPageTraceBehavior [ RunTime:0.015600s ]
INFO: [ app_end ] --END-- [ RunTime:0.015600s ]

[ 2014-07-30T16:10:46+08:00 ] 127.0.0.1 /exam/Maple/index.php/Public/login
INFO: [ app_begin ] --START--
INFO: Run Behavior\ReadHtmlCacheBehavior [ RunTime:0.000000s ]
INFO: [ app_begin ] --END-- [ RunTime:0.000000s ]
SQL: SHOW COLUMNS FROM `tp_user` [ RunTime:0.000000s ]
SQL: SELECT * FROM `tp_user` WHERE `username` = 'admin' AND `password` = 'admin' LIMIT 1   [ RunTime:0.000000s ]
INFO: [ view_parse ] --START--
INFO: [ template_filter ] --START--
INFO: Run Behavior\ContentReplaceBehavior [ RunTime:0.000000s ]
INFO: [ template_filter ] --END-- [ RunTime:0.000000s ]
INFO: Run Behavior\ParseTemplateBehavior [ RunTime:0.000000s ]
INFO: [ view_parse ] --END-- [ RunTime:0.000000s ]
INFO: [ view_filter ] --START--
INFO: Run Behavior\WriteHtmlCacheBehavior [ RunTime:0.000000s ]
INFO: [ view_filter ] --END-- [ RunTime:0.015600s ]
INFO: [ app_end ] --START--
INFO: Run Behavior\ShowPageTraceBehavior [ RunTime:0.000000s ]
INFO: [ app_end ] --END-- [ RunTime:0.000000s ]

[ 2014-07-30T16:10:47+08:00 ] 127.0.0.1 /exam/Maple/index.php/Public/login
INFO: [ app_begin ] --START--
INFO: Run Behavior\ReadHtmlCacheBehavior [ RunTime:0.000000s ]
INFO: [ app_begin ] --END-- [ RunTime:0.000000s ]
SQL: SHOW COLUMNS FROM `tp_user` [ RunTime:0.015600s ]
SQL: SELECT * FROM `tp_user` WHERE `username` = 'admin' AND `password` = 'admin' LIMIT 1   [ RunTime:0.000000s ]
INFO: [ view_parse ] --START--
INFO: [ template_filter ] --START--
INFO: Run Behavior\ContentReplaceBehavior [ RunTime:0.000000s ]
INFO: [ template_filter ] --END-- [ RunTime:0.000000s ]
INFO: Run Behavior\ParseTemplateBehavior [ RunTime:0.015600s ]
INFO: [ view_parse ] --END-- [ RunTime:0.015600s ]
INFO: [ view_filter ] --START--
INFO: Run Behavior\WriteHtmlCacheBehavior [ RunTime:0.000000s ]
INFO: [ view_filter ] --END-- [ RunTime:0.000000s ]
INFO: [ app_end ] --START--
INFO: Run Behavior\ShowPageTraceBehavior [ RunTime:0.000000s ]
INFO: [ app_end ] --END-- [ RunTime:0.000000s ]

[ 2014-07-30T16:10:47+08:00 ] 127.0.0.1 /exam/Maple/index.php/Public/login
INFO: [ app_begin ] --START--
INFO: Run Behavior\ReadHtmlCacheBehavior [ RunTime:0.000000s ]
INFO: [ app_begin ] --END-- [ RunTime:0.000000s ]
SQL: SHOW COLUMNS FROM `tp_user` [ RunTime:0.000000s ]
SQL: SELECT * FROM `tp_user` WHERE `username` = 'admin' AND `password` = 'admin' LIMIT 1   [ RunTime:0.000000s ]
INFO: [ view_parse ] --START--
INFO: [ template_filter ] --START--
INFO: Run Behavior\ContentReplaceBehavior [ RunTime:0.000000s ]
INFO: [ template_filter ] --END-- [ RunTime:0.000000s ]
INFO: Run Behavior\ParseTemplateBehavior [ RunTime:0.015600s ]
INFO: [ view_parse ] --END-- [ RunTime:0.015600s ]
INFO: [ view_filter ] --START--
INFO: Run Behavior\WriteHtmlCacheBehavior [ RunTime:0.000000s ]
INFO: [ view_filter ] --END-- [ RunTime:0.000000s ]
INFO: [ app_end ] --START--
INFO: Run Behavior\ShowPageTraceBehavior [ RunTime:0.000000s ]
INFO: [ app_end ] --END-- [ RunTime:0.000000s ]

[ 2014-07-30T16:10:48+08:00 ] 127.0.0.1 /exam/Maple/index.php/Public/login
INFO: [ app_begin ] --START--
INFO: Run Behavior\ReadHtmlCacheBehavior [ RunTime:0.000000s ]
INFO: [ app_begin ] --END-- [ RunTime:0.000000s ]
SQL: SHOW COLUMNS FROM `tp_user` [ RunTime:0.000000s ]
SQL: SELECT * FROM `tp_user` WHERE `username` = 'admin' AND `password` = 'admin' LIMIT 1   [ RunTime:0.000000s ]
INFO: [ view_parse ] --START--
INFO: [ template_filter ] --START--
INFO: Run Behavior\ContentReplaceBehavior [ RunTime:0.000000s ]
INFO: [ template_filter ] --END-- [ RunTime:0.000000s ]
INFO: Run Behavior\ParseTemplateBehavior [ RunTime:0.015600s ]
INFO: [ view_parse ] --END-- [ RunTime:0.015600s ]
INFO: [ view_filter ] --START--
INFO: Run Behavior\WriteHtmlCacheBehavior [ RunTime:0.000000s ]
INFO: [ view_filter ] --END-- [ RunTime:0.000000s ]
INFO: [ app_end ] --START--
INFO: Run Behavior\ShowPageTraceBehavior [ RunTime:0.000000s ]
INFO: [ app_end ] --END-- [ RunTime:0.000000s ]

[ 2014-07-30T16:10:48+08:00 ] 127.0.0.1 /exam/Maple/index.php/Public/login
INFO: [ app_begin ] --START--
INFO: Run Behavior\ReadHtmlCacheBehavior [ RunTime:0.000000s ]
INFO: [ app_begin ] --END-- [ RunTime:0.000000s ]
SQL: SHOW COLUMNS FROM `tp_user` [ RunTime:0.015600s ]
SQL: SELECT * FROM `tp_user` WHERE `username` = 'admin' AND `password` = 'admin' LIMIT 1   [ RunTime:0.000000s ]
INFO: [ view_parse ] --START--
INFO: [ template_filter ] --START--
INFO: Run Behavior\ContentReplaceBehavior [ RunTime:0.000000s ]
INFO: [ template_filter ] --END-- [ RunTime:0.000000s ]
INFO: Run Behavior\ParseTemplateBehavior [ RunTime:0.000000s ]
INFO: [ view_parse ] --END-- [ RunTime:0.000000s ]
INFO: [ view_filter ] --START--
INFO: Run Behavior\WriteHtmlCacheBehavior [ RunTime:0.000000s ]
INFO: [ view_filter ] --END-- [ RunTime:0.000000s ]
INFO: [ app_end ] --START--
INFO: Run Behavior\ShowPageTraceBehavior [ RunTime:0.015600s ]
INFO: [ app_end ] --END-- [ RunTime:0.015600s ]

[ 2014-07-30T16:10:48+08:00 ] 127.0.0.1 /exam/Maple/index.php/Public/login
INFO: [ app_begin ] --START--
INFO: Run Behavior\ReadHtmlCacheBehavior [ RunTime:0.000000s ]
INFO: [ app_begin ] --END-- [ RunTime:0.000000s ]
SQL: SHOW COLUMNS FROM `tp_user` [ RunTime:0.015600s ]
SQL: SELECT * FROM `tp_user` WHERE `username` = 'admin' AND `password` = 'admin' LIMIT 1   [ RunTime:0.000000s ]
INFO: [ view_parse ] --START--
INFO: [ template_filter ] --START--
INFO: Run Behavior\ContentReplaceBehavior [ RunTime:0.000000s ]
INFO: [ template_filter ] --END-- [ RunTime:0.000000s ]
INFO: Run Behavior\ParseTemplateBehavior [ RunTime:0.015600s ]
INFO: [ view_parse ] --END-- [ RunTime:0.015600s ]
INFO: [ view_filter ] --START--
INFO: Run Behavior\WriteHtmlCacheBehavior [ RunTime:0.000000s ]
INFO: [ view_filter ] --END-- [ RunTime:0.000000s ]
INFO: [ app_end ] --START--
INFO: Run Behavior\ShowPageTraceBehavior [ RunTime:0.000000s ]
INFO: [ app_end ] --END-- [ RunTime:0.000000s ]

[ 2014-07-30T16:10:48+08:00 ] 127.0.0.1 /exam/Maple/index.php/Public/login
INFO: [ app_begin ] --START--
INFO: Run Behavior\ReadHtmlCacheBehavior [ RunTime:0.000000s ]
INFO: [ app_begin ] --END-- [ RunTime:0.000000s ]
SQL: SHOW COLUMNS FROM `tp_user` [ RunTime:0.015600s ]
SQL: SELECT * FROM `tp_user` WHERE `username` = 'admin' AND `password` = 'admin' LIMIT 1   [ RunTime:0.000000s ]
INFO: [ view_parse ] --START--
INFO: [ template_filter ] --START--
INFO: Run Behavior\ContentReplaceBehavior [ RunTime:0.000000s ]
INFO: [ template_filter ] --END-- [ RunTime:0.000000s ]
INFO: Run Behavior\ParseTemplateBehavior [ RunTime:0.000000s ]
INFO: [ view_parse ] --END-- [ RunTime:0.000000s ]
INFO: [ view_filter ] --START--
INFO: Run Behavior\WriteHtmlCacheBehavior [ RunTime:0.015600s ]
INFO: [ view_filter ] --END-- [ RunTime:0.015600s ]
INFO: [ app_end ] --START--
INFO: Run Behavior\ShowPageTraceBehavior [ RunTime:0.000000s ]
INFO: [ app_end ] --END-- [ RunTime:0.000000s ]

[ 2014-07-30T16:10:48+08:00 ] 127.0.0.1 /exam/Maple/index.php/Public/login
INFO: [ app_begin ] --START--
INFO: Run Behavior\ReadHtmlCacheBehavior [ RunTime:0.000000s ]
INFO: [ app_begin ] --END-- [ RunTime:0.000000s ]
SQL: SHOW COLUMNS FROM `tp_user` [ RunTime:0.015600s ]
SQL: SELECT * FROM `tp_user` WHERE `username` = 'admin' AND `password` = 'admin' LIMIT 1   [ RunTime:0.000000s ]
INFO: [ view_parse ] --START--
INFO: [ template_filter ] --START--
INFO: Run Behavior\ContentReplaceBehavior [ RunTime:0.000000s ]
INFO: [ template_filter ] --END-- [ RunTime:0.000000s ]
INFO: Run Behavior\ParseTemplateBehavior [ RunTime:0.015600s ]
INFO: [ view_parse ] --END-- [ RunTime:0.015600s ]
INFO: [ view_filter ] --START--
INFO: Run Behavior\WriteHtmlCacheBehavior [ RunTime:0.000000s ]
INFO: [ view_filter ] --END-- [ RunTime:0.000000s ]
INFO: [ app_end ] --START--
INFO: Run Behavior\ShowPageTraceBehavior [ RunTime:0.000000s ]
INFO: [ app_end ] --END-- [ RunTime:0.000000s ]

[ 2014-07-30T16:10:48+08:00 ] 127.0.0.1 /exam/Maple/index.php/Public/login
INFO: [ app_begin ] --START--
INFO: Run Behavior\ReadHtmlCacheBehavior [ RunTime:0.015600s ]
INFO: [ app_begin ] --END-- [ RunTime:0.015600s ]
SQL: SHOW COLUMNS FROM `tp_user` [ RunTime:0.015600s ]
SQL: SELECT * FROM `tp_user` WHERE `username` = 'admin' AND `password` = 'admin' LIMIT 1   [ RunTime:0.000000s ]
INFO: [ view_parse ] --START--
INFO: [ template_filter ] --START--
INFO: Run Behavior\ContentReplaceBehavior [ RunTime:0.000000s ]
INFO: [ template_filter ] --END-- [ RunTime:0.000000s ]
INFO: Run Behavior\ParseTemplateBehavior [ RunTime:0.015600s ]
INFO: [ view_parse ] --END-- [ RunTime:0.015600s ]
INFO: [ view_filter ] --START--
INFO: Run Behavior\WriteHtmlCacheBehavior [ RunTime:0.000000s ]
INFO: [ view_filter ] --END-- [ RunTime:0.000000s ]
INFO: [ app_end ] --START--
INFO: Run Behavior\ShowPageTraceBehavior [ RunTime:0.000000s ]
INFO: [ app_end ] --END-- [ RunTime:0.000000s ]

[ 2014-07-30T16:10:49+08:00 ] 127.0.0.1 /exam/Maple/index.php/Public/login
INFO: [ app_begin ] --START--
INFO: Run Behavior\ReadHtmlCacheBehavior [ RunTime:0.000000s ]
INFO: [ app_begin ] --END-- [ RunTime:0.000000s ]
SQL: SHOW COLUMNS FROM `tp_user` [ RunTime:0.015600s ]
SQL: SELECT * FROM `tp_user` WHERE `username` = 'admin' AND `password` = 'admin' LIMIT 1   [ RunTime:0.000000s ]
INFO: [ view_parse ] --START--
INFO: [ template_filter ] --START--
INFO: Run Behavior\ContentReplaceBehavior [ RunTime:0.000000s ]
INFO: [ template_filter ] --END-- [ RunTime:0.000000s ]
INFO: Run Behavior\ParseTemplateBehavior [ RunTime:0.015600s ]
INFO: [ view_parse ] --END-- [ RunTime:0.015600s ]
INFO: [ view_filter ] --START--
INFO: Run Behavior\WriteHtmlCacheBehavior [ RunTime:0.000000s ]
INFO: [ view_filter ] --END-- [ RunTime:0.000000s ]
INFO: [ app_end ] --START--
INFO: Run Behavior\ShowPageTraceBehavior [ RunTime:0.000000s ]
INFO: [ app_end ] --END-- [ RunTime:0.000000s ]

[ 2014-07-30T16:10:49+08:00 ] 127.0.0.1 /exam/Maple/index.php/Public/login
INFO: [ app_begin ] --START--
INFO: Run Behavior\ReadHtmlCacheBehavior [ RunTime:0.000000s ]
INFO: [ app_begin ] --END-- [ RunTime:0.000000s ]
SQL: SHOW COLUMNS FROM `tp_user` [ RunTime:0.015600s ]
SQL: SELECT * FROM `tp_user` WHERE `username` = 'admin' AND `password` = 'admin' LIMIT 1   [ RunTime:0.000000s ]
INFO: [ view_parse ] --START--
INFO: [ template_filter ] --START--
INFO: Run Behavior\ContentReplaceBehavior [ RunTime:0.000000s ]
INFO: [ template_filter ] --END-- [ RunTime:0.000000s ]
INFO: Run Behavior\ParseTemplateBehavior [ RunTime:0.000000s ]
INFO: [ view_parse ] --END-- [ RunTime:0.000000s ]
INFO: [ view_filter ] --START--
INFO: Run Behavior\WriteHtmlCacheBehavior [ RunTime:0.000000s ]
INFO: [ view_filter ] --END-- [ RunTime:0.000000s ]
INFO: [ app_end ] --START--
INFO: Run Behavior\ShowPageTraceBehavior [ RunTime:0.015600s ]
INFO: [ app_end ] --END-- [ RunTime:0.015600s ]

[ 2014-07-30T16:10:49+08:00 ] 127.0.0.1 /exam/Maple/index.php/Public/login
INFO: [ app_begin ] --START--
INFO: Run Behavior\ReadHtmlCacheBehavior [ RunTime:0.000000s ]
INFO: [ app_begin ] --END-- [ RunTime:0.000000s ]
SQL: SHOW COLUMNS FROM `tp_user` [ RunTime:0.015600s ]
SQL: SELECT * FROM `tp_user` WHERE `username` = 'admin' AND `password` = 'admin' LIMIT 1   [ RunTime:0.000000s ]
INFO: [ view_parse ] --START--
INFO: [ template_filter ] --START--
INFO: Run Behavior\ContentReplaceBehavior [ RunTime:0.000000s ]
INFO: [ template_filter ] --END-- [ RunTime:0.000000s ]
INFO: Run Behavior\ParseTemplateBehavior [ RunTime:0.015600s ]
INFO: [ view_parse ] --END-- [ RunTime:0.015600s ]
INFO: [ view_filter ] --START--
INFO: Run Behavior\WriteHtmlCacheBehavior [ RunTime:0.000000s ]
INFO: [ view_filter ] --END-- [ RunTime:0.000000s ]
INFO: [ app_end ] --START--
INFO: Run Behavior\ShowPageTraceBehavior [ RunTime:0.000000s ]
INFO: [ app_end ] --END-- [ RunTime:0.015600s ]

[ 2014-07-30T16:11:25+08:00 ] 127.0.0.1 /exam/Maple/index.php/Public/login
INFO: [ app_begin ] --START--
INFO: Run Behavior\ReadHtmlCacheBehavior [ RunTime:0.002001s ]
INFO: [ app_begin ] --END-- [ RunTime:0.002001s ]
SQL: SHOW COLUMNS FROM `tp_user` [ RunTime:0.009001s ]
SQL: SELECT * FROM `tp_user` WHERE `username` = 'admin' AND `password` = 'admin' LIMIT 1   [ RunTime:0.000000s ]
INFO: [ view_parse ] --START--
INFO: [ template_filter ] --START--
INFO: Run Behavior\ContentReplaceBehavior [ RunTime:0.000000s ]
INFO: [ template_filter ] --END-- [ RunTime:0.001001s ]
INFO: Run Behavior\ParseTemplateBehavior [ RunTime:0.011001s ]
INFO: [ view_parse ] --END-- [ RunTime:0.011001s ]
INFO: [ view_filter ] --START--
INFO: Run Behavior\WriteHtmlCacheBehavior [ RunTime:0.001000s ]
INFO: [ view_filter ] --END-- [ RunTime:0.001000s ]
INFO: [ app_end ] --START--
INFO: Run Behavior\ShowPageTraceBehavior [ RunTime:0.001000s ]
INFO: [ app_end ] --END-- [ RunTime:0.001000s ]

[ 2014-07-30T16:50:19+08:00 ] 127.0.0.1 /exam/Maple/index.php/Public/login
INFO: [ app_begin ] --START--
INFO: Run Behavior\ReadHtmlCacheBehavior [ RunTime:0.001000s ]
INFO: [ app_begin ] --END-- [ RunTime:0.002000s ]

[ 2014-07-30T16:50:31+08:00 ] 127.0.0.1 /exam/Maple/index.php/Public/login
INFO: [ app_begin ] --START--
INFO: Run Behavior\ReadHtmlCacheBehavior [ RunTime:0.002000s ]
INFO: [ app_begin ] --END-- [ RunTime:0.003000s ]
SQL: SHOW COLUMNS FROM `tp_user` [ RunTime:0.035002s ]
SQL: SELECT * FROM `tp_user` WHERE `username` = 'admin' AND `password` = 'admin' LIMIT 1   [ RunTime:0.002000s ]
INFO: [ view_parse ] --START--
INFO: [ template_filter ] --START--
INFO: Run Behavior\ContentReplaceBehavior [ RunTime:0.001000s ]
INFO: [ template_filter ] --END-- [ RunTime:0.001000s ]
INFO: Run Behavior\ParseTemplateBehavior [ RunTime:0.022002s ]
INFO: [ view_parse ] --END-- [ RunTime:0.022002s ]
INFO: [ view_filter ] --START--
INFO: Run Behavior\WriteHtmlCacheBehavior [ RunTime:0.001000s ]
INFO: [ view_filter ] --END-- [ RunTime:0.002000s ]
INFO: [ app_end ] --START--
INFO: Run Behavior\ShowPageTraceBehavior [ RunTime:0.003000s ]
INFO: [ app_end ] --END-- [ RunTime:0.003000s ]

[ 2014-07-30T16:50:42+08:00 ] 127.0.0.1 /exam/Maple/index.php/Public/login
INFO: [ app_begin ] --START--
INFO: Run Behavior\ReadHtmlCacheBehavior [ RunTime:0.001001s ]
INFO: [ app_begin ] --END-- [ RunTime:0.001001s ]

[ 2014-07-30T16:50:48+08:00 ] 127.0.0.1 /exam/Maple/index.php/Public/login
INFO: [ app_begin ] --START--
INFO: Run Behavior\ReadHtmlCacheBehavior [ RunTime:0.001000s ]
INFO: [ app_begin ] --END-- [ RunTime:0.002000s ]
SQL: SHOW COLUMNS FROM `tp_user` [ RunTime:0.008000s ]
SQL: SELECT * FROM `tp_user` WHERE `username` = '12' AND `password` = 'we' LIMIT 1   [ RunTime:0.000000s ]

